
---------------------------- Summary ----------------------------

ChipArea : 4.32487e+07um^2
Chip total CIM (Forward+Activation Gradient) array : 30650um^2
Total IC Area on chip (Global and Tile/PE/Local) : 1.77586e+07um^2
Total ABC (or S/As and precharger for SRAM) area on chip : 1.59032e+07um^2
Total Accumulation Circuits (subarray level: adders, shiftadds; PE/Tile/Global level: accumulation units) on chip : 6.53584e+06um^2
Other Peripheries (e.g. decoders, mux, switchmatrix, buffers, pooling and activation units) : 7.57076e+06um^2
Weight Gradient Calculation : 8.92928e+06um^2

----------------------------Chip layer-by-layer Estimation----------------------------

Chip readLatency of Forward (per epoch) is: 7.77668e+12ns
Chip readDynamicEnergy of Forward (per epoch) is: 4.84343e+12pJ
Chip readLatency of Activation Gradient (per epoch) is: 6.42610e+11ns
Chip readDynamicEnergy of Activation Gradient (per epoch) is: 4.99034e+12pJ
Chip readLatency of Weight Gradient (per epoch) is: 6.36094e+12ns
Chip readDynamicEnergy of Weight Gradient (per epoch) is: 4.74924e+14pJ
Chip writeLatency of Weight Update (per epoch) is: 5.52976e+09ns
Chip writeDynamicEnergy of Weight Update (per epoch) is: 1.00351e+09pJ

Chip total Latency (per epoch) is: 5.54184e+12ns
Chip total Energy (per epoch) is: 2.75185e+14pJ

----------------------------Chip PEAK layer-by-layer Estimation----------------------------

Chip PEAK readLatency of Forward (per epoch) is: 6.22495e+10ns
Chip PEAK readDynamicEnergy of Forward (per epoch) is: 4.19467e+12pJ
Chip PEAK readLatency of Activation Gradient (per epoch) is: 9.10591e+10ns
Chip PEAK readDynamicEnergy of Activation Gradient (per epoch) is: 4.37581e+12pJ
Chip PEAK readLatency of Weight Gradient (per epoch) is: 5.50739e+11ns
Chip PEAK readDynamicEnergy of Weight Gradient (per epoch) is: 6.49567e+13pJ
Chip PEAK writeLatency of Weight Update (per epoch) is: 3.96913e+09ns
Chip PEAK writeDynamicEnergy of Weight Update (per epoch) is: 3.60504e+08pJ

Chip PEAK total Latency (per epoch) is: 1.66169e+12ns
Chip PEAK total Energy (per epoch) is: 7.42829e+13pJ

Chip leakage Energy is: 3.49810e+10pJ
Chip leakage Power is: 293.653uW

******************** Breakdown of Latency and Dynamic Energy ********************

ADC readLatency is : 5.93852e+10ns
Accumulation Circuits readLatency is : 3.35465e+10ns
Synaptic Array readLatency is : 5.94081e+10ns
Buffer readLatency is : 3.88514e+12ns
Interconnect readLatency is : 1.37350e+11ns
Weight Gradient Calculation readLatency is : 1.42384e+12ns
Weight Update writeLatency is : 5.52976e+09ns
DRAM data transfer Latency is : 4.54075e+10ns

ADC readDynamicEnergy is : 7.63796e+12pJ
Accumulation Circuits readDynamicEnergy is : 6.59498e+11pJ
Synaptic Array readDynamicEnergy is : 1.01929e+11pJ
Buffer readDynamicEnergy is : 4.62653e+11pJ
Interconnect readDynamicEnergy is : 1.37317e+12pJ
Weight Gradient Calculation readDynamicEnergy is : 6.17724e+13pJ
Weight Update writeDynamicEnergy is : 3.84589e+08pJ
DRAM data transfer DynamicEnergy is : 1.91549e+14pJ

******************** Breakdown of Latency and Dynamic Energy ********************

----------------------------Chip layer-by-layer Performance----------------------------
Energy Efficiency TOPS/W : 300.559755
Throughput FPS : 4.8719302
Throughput TOPS : 453.519509

Peak Energy Efficiency TOPS/W : 1130.26799
Peak Throughput FPS : 56.9045782
Peak Throughput TOPS : 1560.99098

---------------------------- Hardware Performance Done ----------------------------

