
---------------------------- Summary ----------------------------

ChipArea : 4.32487e+07um^2
Chip total CIM (Forward+Activation Gradient) array : 30650um^2
Total IC Area on chip (Global and Tile/PE/Local) : 1.77586e+07um^2
Total ABC (or S/As and precharger for SRAM) area on chip : 1.59032e+07um^2
Total Accumulation Circuits (subarray level: adders, shiftadds; PE/Tile/Global level: accumulation units) on chip : 6.53584e+06um^2
Other Peripheries (e.g. decoders, mux, switchmatrix, buffers, pooling and activation units) : 7.57076e+06um^2
Weight Gradient Calculation : 8.92928e+06um^2

----------------------------Chip layer-by-layer Estimation----------------------------

Chip readLatency of Forward (per epoch) is: 6.88222e+12ns
Chip readDynamicEnergy of Forward (per epoch) is: 4.78828e+12pJ
Chip readLatency of Activation Gradient (per epoch) is: 5.68698e+11ns
Chip readDynamicEnergy of Activation Gradient (per epoch) is: 4.93351e+12pJ
Chip readLatency of Weight Gradient (per epoch) is: 5.62932e+12ns
Chip readDynamicEnergy of Weight Gradient (per epoch) is: 4.69517e+14pJ
Chip writeLatency of Weight Update (per epoch) is: 4.89374e+09ns
Chip writeDynamicEnergy of Weight Update (per epoch) is: 9.92082e+08pJ

Chip total Latency (per epoch) is: 4.90443e+12ns
Chip total Energy (per epoch) is: 2.72052e+14pJ

----------------------------Chip PEAK layer-by-layer Estimation----------------------------

Chip PEAK readLatency of Forward (per epoch) is: 5.50897e+10ns
Chip PEAK readDynamicEnergy of Forward (per epoch) is: 4.14691e+12pJ
Chip PEAK readLatency of Activation Gradient (per epoch) is: 8.05856e+10ns
Chip PEAK readDynamicEnergy of Activation Gradient (per epoch) is: 4.32599e+12pJ
Chip PEAK readLatency of Weight Gradient (per epoch) is: 4.87393e+11ns
Chip PEAK readDynamicEnergy of Weight Gradient (per epoch) is: 6.42171e+13pJ
Chip PEAK writeLatency of Weight Update (per epoch) is: 3.51260e+09ns
Chip PEAK writeDynamicEnergy of Weight Update (per epoch) is: 3.56400e+08pJ

Chip PEAK total Latency (per epoch) is: 1.47057e+12ns
Chip PEAK total Energy (per epoch) is: 7.34371e+13pJ

Chip leakage Energy is: 3.41890e+10pJ
Chip leakage Power is: 290.309uW

******************** Breakdown of Latency and Dynamic Energy ********************

ADC readLatency is : 5.25548e+10ns
Accumulation Circuits readLatency is : 2.96881e+10ns
Synaptic Array readLatency is : 5.25751e+10ns
Buffer readLatency is : 3.43828e+12ns
Interconnect readLatency is : 1.21552e+11ns
Weight Gradient Calculation readLatency is : 1.26007e+12ns
Weight Update writeLatency is : 4.89374e+09ns
DRAM data transfer Latency is : 4.01848e+10ns

ADC readDynamicEnergy is : 7.55099e+12pJ
Accumulation Circuits readDynamicEnergy is : 6.51989e+11pJ
Synaptic Array readDynamicEnergy is : 1.00769e+11pJ
Buffer readDynamicEnergy is : 4.57385e+11pJ
Interconnect readDynamicEnergy is : 1.35754e+12pJ
Weight Gradient Calculation readDynamicEnergy is : 6.10691e+13pJ
Weight Update writeDynamicEnergy is : 3.80210e+08pJ
DRAM data transfer DynamicEnergy is : 1.89368e+14pJ

******************** Breakdown of Latency and Dynamic Energy ********************

----------------------------Chip layer-by-layer Performance----------------------------
Energy Efficiency TOPS/W : 290.793512
Throughput FPS : 4.6599541
Throughput TOPS : 433.787025

Peak Energy Efficiency TOPS/W : 1093.54161
Peak Throughput FPS : 54.4286788
Peak Throughput TOPS : 1493.07278

---------------------------- Hardware Performance Done ----------------------------

