
---------------------------- Summary ----------------------------

ChipArea : 4.32487e+07um^2
Chip total CIM (Forward+Activation Gradient) array : 30650um^2
Total IC Area on chip (Global and Tile/PE/Local) : 1.77586e+07um^2
Total ABC (or S/As and precharger for SRAM) area on chip : 1.59032e+07um^2
Total Accumulation Circuits (subarray level: adders, shiftadds; PE/Tile/Global level: accumulation units) on chip : 6.53584e+06um^2
Other Peripheries (e.g. decoders, mux, switchmatrix, buffers, pooling and activation units) : 7.57076e+06um^2
Weight Gradient Calculation : 8.92928e+06um^2

----------------------------Chip layer-by-layer Estimation----------------------------

Chip readLatency of Forward (per epoch) is: 7.27912e+12ns
Chip readDynamicEnergy of Forward (per epoch) is: 4.82552e+12pJ
Chip readLatency of Activation Gradient (per epoch) is: 6.01496e+11ns
Chip readDynamicEnergy of Activation Gradient (per epoch) is: 4.97188e+12pJ
Chip readLatency of Weight Gradient (per epoch) is: 5.95397e+12ns
Chip readDynamicEnergy of Weight Gradient (per epoch) is: 4.73167e+14pJ
Chip writeLatency of Weight Update (per epoch) is: 5.17597e+09ns
Chip writeDynamicEnergy of Weight Update (per epoch) is: 9.99796e+08pJ

Chip total Latency (per epoch) is: 5.18728e+12ns
Chip total Energy (per epoch) is: 2.74167e+14pJ

----------------------------Chip PEAK layer-by-layer Estimation----------------------------

Chip PEAK readLatency of Forward (per epoch) is: 5.82668e+10ns
Chip PEAK readDynamicEnergy of Forward (per epoch) is: 4.17916e+12pJ
Chip PEAK readLatency of Activation Gradient (per epoch) is: 8.52331e+10ns
Chip PEAK readDynamicEnergy of Activation Gradient (per epoch) is: 4.35963e+12pJ
Chip PEAK readLatency of Weight Gradient (per epoch) is: 5.15502e+11ns
Chip PEAK readDynamicEnergy of Weight Gradient (per epoch) is: 6.47164e+13pJ
Chip PEAK writeLatency of Weight Update (per epoch) is: 3.71518e+09ns
Chip PEAK writeDynamicEnergy of Weight Update (per epoch) is: 3.59171e+08pJ

Chip PEAK total Latency (per epoch) is: 1.55538e+12ns
Chip PEAK total Energy (per epoch) is: 7.40081e+13pJ

Chip leakage Energy is: 3.47227e+10pJ
Chip leakage Power is: 292.567uW

******************** Breakdown of Latency and Dynamic Energy ********************

ADC readLatency is : 5.55857e+10ns
Accumulation Circuits readLatency is : 3.14002e+10ns
Synaptic Array readLatency is : 5.56071e+10ns
Buffer readLatency is : 3.63657e+12ns
Interconnect readLatency is : 1.28563e+11ns
Weight Gradient Calculation readLatency is : 1.33274e+12ns
Weight Update writeLatency is : 5.17597e+09ns
DRAM data transfer Latency is : 4.25024e+10ns

ADC readDynamicEnergy is : 7.60971e+12pJ
Accumulation Circuits readDynamicEnergy is : 6.57059e+11pJ
Synaptic Array readDynamicEnergy is : 1.01552e+11pJ
Buffer readDynamicEnergy is : 4.60942e+11pJ
Interconnect readDynamicEnergy is : 1.36809e+12pJ
Weight Gradient Calculation readDynamicEnergy is : 6.15439e+13pJ
Weight Update writeDynamicEnergy is : 3.83166e+08pJ
DRAM data transfer DynamicEnergy is : 1.90840e+14pJ

******************** Breakdown of Latency and Dynamic Energy ********************

----------------------------Chip layer-by-layer Performance----------------------------
Energy Efficiency TOPS/W : 297.584816
Throughput FPS : 4.8058652
Throughput TOPS : 447.369632

Peak Energy Efficiency TOPS/W : 1119.08060
Peak Throughput FPS : 56.1329330
Peak Throughput TOPS : 1539.82342

---------------------------- Hardware Performance Done ----------------------------

