
---------------------------- Summary ----------------------------

ChipArea : 4.32487e+07um^2
Chip total CIM (Forward+Activation Gradient) array : 30650um^2
Total IC Area on chip (Global and Tile/PE/Local) : 1.77586e+07um^2
Total ABC (or S/As and precharger for SRAM) area on chip : 1.59032e+07um^2
Total Accumulation Circuits (subarray level: adders, shiftadds; PE/Tile/Global level: accumulation units) on chip : 6.53584e+06um^2
Other Peripheries (e.g. decoders, mux, switchmatrix, buffers, pooling and activation units) : 7.57076e+06um^2
Weight Gradient Calculation : 8.92928e+06um^2

----------------------------Chip layer-by-layer Estimation----------------------------

Chip readLatency of Forward (per epoch) is: 8.27960e+12ns
Chip readDynamicEnergy of Forward (per epoch) is: 4.86568e+12pJ
Chip readLatency of Activation Gradient (per epoch) is: 6.84168e+11ns
Chip readDynamicEnergy of Activation Gradient (per epoch) is: 5.01326e+12pJ
Chip readLatency of Weight Gradient (per epoch) is: 6.77231e+12ns
Chip readDynamicEnergy of Weight Gradient (per epoch) is: 4.77106e+14pJ
Chip writeLatency of Weight Update (per epoch) is: 5.88737e+09ns
Chip writeDynamicEnergy of Weight Update (per epoch) is: 1.00812e+09pJ

Chip total Latency (per epoch) is: 5.90024e+12ns
Chip total Energy (per epoch) is: 2.76449e+14pJ

----------------------------Chip PEAK layer-by-layer Estimation----------------------------

Chip PEAK readLatency of Forward (per epoch) is: 6.62752e+10ns
Chip PEAK readDynamicEnergy of Forward (per epoch) is: 4.21394e+12pJ
Chip PEAK readLatency of Activation Gradient (per epoch) is: 9.69479e+10ns
Chip PEAK readDynamicEnergy of Activation Gradient (per epoch) is: 4.39591e+12pJ
Chip PEAK readLatency of Weight Gradient (per epoch) is: 5.86355e+11ns
Chip PEAK readDynamicEnergy of Weight Gradient (per epoch) is: 6.52550e+13pJ
Chip PEAK writeLatency of Weight Update (per epoch) is: 4.22581e+09ns
Chip PEAK writeDynamicEnergy of Weight Update (per epoch) is: 3.62160e+08pJ

Chip PEAK total Latency (per epoch) is: 1.76916e+12ns
Chip PEAK total Energy (per epoch) is: 7.46241e+13pJ

Chip leakage Energy is: 3.53031e+10pJ
Chip leakage Power is: 295.002uW

******************** Breakdown of Latency and Dynamic Energy ********************

ADC readLatency is : 6.32257e+10ns
Accumulation Circuits readLatency is : 3.57160e+10ns
Synaptic Array readLatency is : 6.32500e+10ns
Buffer readLatency is : 4.13640e+12ns
Interconnect readLatency is : 1.46233e+11ns
Weight Gradient Calculation readLatency is : 1.51592e+12ns
Weight Update writeLatency is : 5.88737e+09ns
DRAM data transfer Latency is : 4.83441e+10ns

ADC readDynamicEnergy is : 7.67304e+12pJ
Accumulation Circuits readDynamicEnergy is : 6.62527e+11pJ
Synaptic Array readDynamicEnergy is : 1.02397e+11pJ
Buffer readDynamicEnergy is : 4.64778e+11pJ
Interconnect readDynamicEnergy is : 1.37948e+12pJ
Weight Gradient Calculation readDynamicEnergy is : 6.20562e+13pJ
Weight Update writeDynamicEnergy is : 3.86356e+08pJ
DRAM data transfer DynamicEnergy is : 1.92429e+14pJ

******************** Breakdown of Latency and Dynamic Energy ********************

----------------------------Chip layer-by-layer Performance----------------------------
Energy Efficiency TOPS/W : 305.068961
Throughput FPS : 4.9677362
Throughput TOPS : 462.437922

Peak Energy Efficiency TOPS/W : 1147.22506
Peak Throughput FPS : 58.0236007
Peak Throughput TOPS : 1591.68770

---------------------------- Hardware Performance Done ----------------------------

