
---------------------------- Summary ----------------------------

ChipArea : 4.32487e+07um^2
Chip total CIM (Forward+Activation Gradient) array : 30650um^2
Total IC Area on chip (Global and Tile/PE/Local) : 1.77586e+07um^2
Total ABC (or S/As and precharger for SRAM) area on chip : 1.59032e+07um^2
Total Accumulation Circuits (subarray level: adders, shiftadds; PE/Tile/Global level: accumulation units) on chip : 6.53584e+06um^2
Other Peripheries (e.g. decoders, mux, switchmatrix, buffers, pooling and activation units) : 7.57076e+06um^2
Weight Gradient Calculation : 8.92928e+06um^2

----------------------------Chip layer-by-layer Estimation----------------------------

Chip readLatency of Forward (per epoch) is: 8.40803e+12ns
Chip readDynamicEnergy of Forward (per epoch) is: 4.88443e+12pJ
Chip readLatency of Activation Gradient (per epoch) is: 6.94781e+11ns
Chip readDynamicEnergy of Activation Gradient (per epoch) is: 5.03257e+12pJ
Chip readLatency of Weight Gradient (per epoch) is: 6.87736e+12ns
Chip readDynamicEnergy of Weight Gradient (per epoch) is: 4.78944e+14pJ
Chip writeLatency of Weight Update (per epoch) is: 5.97869e+09ns
Chip writeDynamicEnergy of Weight Update (per epoch) is: 1.01200e+09pJ

Chip total Latency (per epoch) is: 5.99176e+12ns
Chip total Energy (per epoch) is: 2.77514e+14pJ

----------------------------Chip PEAK layer-by-layer Estimation----------------------------

Chip PEAK readLatency of Forward (per epoch) is: 6.73033e+10ns
Chip PEAK readDynamicEnergy of Forward (per epoch) is: 4.23018e+12pJ
Chip PEAK readLatency of Activation Gradient (per epoch) is: 9.84517e+10ns
Chip PEAK readDynamicEnergy of Activation Gradient (per epoch) is: 4.41285e+12pJ
Chip PEAK readLatency of Weight Gradient (per epoch) is: 5.95450e+11ns
Chip PEAK readDynamicEnergy of Weight Gradient (per epoch) is: 6.55065e+13pJ
Chip PEAK writeLatency of Weight Update (per epoch) is: 4.29136e+09ns
Chip PEAK writeDynamicEnergy of Weight Update (per epoch) is: 3.63556e+08pJ

Chip PEAK total Latency (per epoch) is: 1.79660e+12ns
Chip PEAK total Energy (per epoch) is: 7.49117e+13pJ

Chip leakage Energy is: 3.55757e+10pJ
Chip leakage Power is: 296.138uW

******************** Breakdown of Latency and Dynamic Energy ********************

ADC readLatency is : 6.42064e+10ns
Accumulation Circuits readLatency is : 3.62700e+10ns
Synaptic Array readLatency is : 6.42311e+10ns
Buffer readLatency is : 4.20056e+12ns
Interconnect readLatency is : 1.48501e+11ns
Weight Gradient Calculation readLatency is : 1.53943e+12ns
Weight Update writeLatency is : 5.97869e+09ns
DRAM data transfer Latency is : 4.90940e+10ns

ADC readDynamicEnergy is : 7.70261e+12pJ
Accumulation Circuits readDynamicEnergy is : 6.65080e+11pJ
Synaptic Array readDynamicEnergy is : 1.02792e+11pJ
Buffer readDynamicEnergy is : 4.66569e+11pJ
Interconnect readDynamicEnergy is : 1.38480e+12pJ
Weight Gradient Calculation readDynamicEnergy is : 6.22953e+13pJ
Weight Update writeDynamicEnergy is : 3.87844e+08pJ
DRAM data transfer DynamicEnergy is : 1.93170e+14pJ

******************** Breakdown of Latency and Dynamic Energy ********************

----------------------------Chip layer-by-layer Performance----------------------------
Energy Efficiency TOPS/W : 308.585284
Throughput FPS : 5.0443586
Throughput TOPS : 469.570569

Peak Energy Efficiency TOPS/W : 1160.44834
Peak Throughput FPS : 58.9185573
Peak Throughput TOPS : 1616.23791

---------------------------- Hardware Performance Done ----------------------------

