
---------------------------- Summary ----------------------------

ChipArea : 4.32487e+07um^2
Chip total CIM (Forward+Activation Gradient) array : 30650um^2
Total IC Area on chip (Global and Tile/PE/Local) : 1.77586e+07um^2
Total ABC (or S/As and precharger for SRAM) area on chip : 1.59032e+07um^2
Total Accumulation Circuits (subarray level: adders, shiftadds; PE/Tile/Global level: accumulation units) on chip : 6.53584e+06um^2
Other Peripheries (e.g. decoders, mux, switchmatrix, buffers, pooling and activation units) : 7.57076e+06um^2
Weight Gradient Calculation : 8.92928e+06um^2

----------------------------Chip layer-by-layer Estimation----------------------------

Chip readLatency of Forward (per epoch) is: 8.16910e+12ns
Chip readDynamicEnergy of Forward (per epoch) is: 4.88512e+12pJ
Chip readLatency of Activation Gradient (per epoch) is: 6.75037e+11ns
Chip readDynamicEnergy of Activation Gradient (per epoch) is: 5.03329e+12pJ
Chip readLatency of Weight Gradient (per epoch) is: 6.68192e+12ns
Chip readDynamicEnergy of Weight Gradient (per epoch) is: 4.79012e+14pJ
Chip writeLatency of Weight Update (per epoch) is: 5.80880e+09ns
Chip writeDynamicEnergy of Weight Update (per epoch) is: 1.01214e+09pJ

Chip total Latency (per epoch) is: 5.82149e+12ns
Chip total Energy (per epoch) is: 2.77553e+14pJ

----------------------------Chip PEAK layer-by-layer Estimation----------------------------

Chip PEAK readLatency of Forward (per epoch) is: 6.53907e+10ns
Chip PEAK readDynamicEnergy of Forward (per epoch) is: 4.23078e+12pJ
Chip PEAK readLatency of Activation Gradient (per epoch) is: 9.56540e+10ns
Chip PEAK readDynamicEnergy of Activation Gradient (per epoch) is: 4.41348e+12pJ
Chip PEAK readLatency of Weight Gradient (per epoch) is: 5.78529e+11ns
Chip PEAK readDynamicEnergy of Weight Gradient (per epoch) is: 6.55158e+13pJ
Chip PEAK writeLatency of Weight Update (per epoch) is: 4.16941e+09ns
Chip PEAK writeDynamicEnergy of Weight Update (per epoch) is: 3.63607e+08pJ

Chip PEAK total Latency (per epoch) is: 1.74555e+12ns
Chip PEAK total Energy (per epoch) is: 7.49223e+13pJ

Chip leakage Energy is: 3.55858e+10pJ
Chip leakage Power is: 296.180uW

******************** Breakdown of Latency and Dynamic Energy ********************

ADC readLatency is : 6.23819e+10ns
Accumulation Circuits readLatency is : 3.52393e+10ns
Synaptic Array readLatency is : 6.24059e+10ns
Buffer readLatency is : 4.08119e+12ns
Interconnect readLatency is : 1.44281e+11ns
Weight Gradient Calculation readLatency is : 1.49569e+12ns
Weight Update writeLatency is : 5.80880e+09ns
DRAM data transfer Latency is : 4.76989e+10ns

ADC readDynamicEnergy is : 7.70370e+12pJ
Accumulation Circuits readDynamicEnergy is : 6.65175e+11pJ
Synaptic Array readDynamicEnergy is : 1.02806e+11pJ
Buffer readDynamicEnergy is : 4.66635e+11pJ
Interconnect readDynamicEnergy is : 1.38499e+12pJ
Weight Gradient Calculation readDynamicEnergy is : 6.23041e+13pJ
Weight Update writeDynamicEnergy is : 3.87899e+08pJ
DRAM data transfer DynamicEnergy is : 1.93197e+14pJ

******************** Breakdown of Latency and Dynamic Energy ********************

----------------------------Chip layer-by-layer Performance----------------------------
Energy Efficiency TOPS/W : 309.142693
Throughput FPS : 5.0541860
Throughput TOPS : 470.485386

Peak Energy Efficiency TOPS/W : 1162.54450
Peak Throughput FPS : 59.0333424
Peak Throughput TOPS : 1619.38666

---------------------------- Hardware Performance Done ----------------------------

