
---------------------------- Summary ----------------------------

ChipArea : 4.32487e+07um^2
Chip total CIM (Forward+Activation Gradient) array : 30650um^2
Total IC Area on chip (Global and Tile/PE/Local) : 1.77586e+07um^2
Total ABC (or S/As and precharger for SRAM) area on chip : 1.59032e+07um^2
Total Accumulation Circuits (subarray level: adders, shiftadds; PE/Tile/Global level: accumulation units) on chip : 6.53584e+06um^2
Other Peripheries (e.g. decoders, mux, switchmatrix, buffers, pooling and activation units) : 7.57076e+06um^2
Weight Gradient Calculation : 8.92928e+06um^2

----------------------------Chip layer-by-layer Estimation----------------------------

Chip readLatency of Forward (per epoch) is: 6.70880e+12ns
Chip readDynamicEnergy of Forward (per epoch) is: 4.75599e+12pJ
Chip readLatency of Activation Gradient (per epoch) is: 5.54368e+11ns
Chip readDynamicEnergy of Activation Gradient (per epoch) is: 4.90024e+12pJ
Chip readLatency of Weight Gradient (per epoch) is: 5.48747e+12ns
Chip readDynamicEnergy of Weight Gradient (per epoch) is: 4.66350e+14pJ
Chip writeLatency of Weight Update (per epoch) is: 4.77042e+09ns
Chip writeDynamicEnergy of Weight Update (per epoch) is: 9.85391e+08pJ

Chip total Latency (per epoch) is: 4.78085e+12ns
Chip total Energy (per epoch) is: 2.70217e+14pJ

----------------------------Chip PEAK layer-by-layer Estimation----------------------------

Chip PEAK readLatency of Forward (per epoch) is: 5.37015e+10ns
Chip PEAK readDynamicEnergy of Forward (per epoch) is: 4.11895e+12pJ
Chip PEAK readLatency of Activation Gradient (per epoch) is: 7.85550e+10ns
Chip PEAK readDynamicEnergy of Activation Gradient (per epoch) is: 4.29681e+12pJ
Chip PEAK readLatency of Weight Gradient (per epoch) is: 4.75112e+11ns
Chip PEAK readDynamicEnergy of Weight Gradient (per epoch) is: 6.37840e+13pJ
Chip PEAK writeLatency of Weight Update (per epoch) is: 3.42409e+09ns
Chip PEAK writeDynamicEnergy of Weight Update (per epoch) is: 3.53996e+08pJ

Chip PEAK total Latency (per epoch) is: 1.43351e+12ns
Chip PEAK total Energy (per epoch) is: 7.29418e+13pJ

Chip leakage Energy is: 3.37294e+10pJ
Chip leakage Power is: 288.351uW

******************** Breakdown of Latency and Dynamic Energy ********************

ADC readLatency is : 5.12305e+10ns
Accumulation Circuits readLatency is : 2.89400e+10ns
Synaptic Array readLatency is : 5.12503e+10ns
Buffer readLatency is : 3.35164e+12ns
Interconnect readLatency is : 1.18490e+11ns
Weight Gradient Calculation readLatency is : 1.22832e+12ns
Weight Update writeLatency is : 4.77042e+09ns
DRAM data transfer Latency is : 3.91722e+10ns

ADC readDynamicEnergy is : 7.50007e+12pJ
Accumulation Circuits readDynamicEnergy is : 6.47592e+11pJ
Synaptic Array readDynamicEnergy is : 1.00089e+11pJ
Buffer readDynamicEnergy is : 4.54300e+11pJ
Interconnect readDynamicEnergy is : 1.34838e+12pJ
Weight Gradient Calculation readDynamicEnergy is : 6.06572e+13pJ
Weight Update writeDynamicEnergy is : 3.77646e+08pJ
DRAM data transfer DynamicEnergy is : 1.88091e+14pJ

******************** Breakdown of Latency and Dynamic Energy ********************

----------------------------Chip layer-by-layer Performance----------------------------
Energy Efficiency TOPS/W : 284.763399
Throughput FPS : 4.5325457
Throughput TOPS : 421.926799

Peak Energy Efficiency TOPS/W : 1070.86511
Peak Throughput FPS : 52.9405374
Peak Throughput TOPS : 1452.25049

---------------------------- Hardware Performance Done ----------------------------

