
---------------------------- Summary ----------------------------

ChipArea : 4.32487e+07um^2
Chip total CIM (Forward+Activation Gradient) array : 30650um^2
Total IC Area on chip (Global and Tile/PE/Local) : 1.77586e+07um^2
Total ABC (or S/As and precharger for SRAM) area on chip : 1.59032e+07um^2
Total Accumulation Circuits (subarray level: adders, shiftadds; PE/Tile/Global level: accumulation units) on chip : 6.53584e+06um^2
Other Peripheries (e.g. decoders, mux, switchmatrix, buffers, pooling and activation units) : 7.57076e+06um^2
Weight Gradient Calculation : 8.92928e+06um^2

----------------------------Chip layer-by-layer Estimation----------------------------

Chip readLatency of Forward (per epoch) is: 8.37729e+12ns
Chip readDynamicEnergy of Forward (per epoch) is: 4.89798e+12pJ
Chip readLatency of Activation Gradient (per epoch) is: 6.92241e+11ns
Chip readDynamicEnergy of Activation Gradient (per epoch) is: 5.04654e+12pJ
Chip readLatency of Weight Gradient (per epoch) is: 6.85221e+12ns
Chip readDynamicEnergy of Weight Gradient (per epoch) is: 4.80273e+14pJ
Chip writeLatency of Weight Update (per epoch) is: 5.95684e+09ns
Chip writeDynamicEnergy of Weight Update (per epoch) is: 1.01481e+09pJ

Chip total Latency (per epoch) is: 5.96986e+12ns
Chip total Energy (per epoch) is: 2.78284e+14pJ

----------------------------Chip PEAK layer-by-layer Estimation----------------------------

Chip PEAK readLatency of Forward (per epoch) is: 6.70572e+10ns
Chip PEAK readDynamicEnergy of Forward (per epoch) is: 4.24192e+12pJ
Chip PEAK readLatency of Activation Gradient (per epoch) is: 9.80918e+10ns
Chip PEAK readDynamicEnergy of Activation Gradient (per epoch) is: 4.42510e+12pJ
Chip PEAK readLatency of Weight Gradient (per epoch) is: 5.93273e+11ns
Chip PEAK readDynamicEnergy of Weight Gradient (per epoch) is: 6.56883e+13pJ
Chip PEAK writeLatency of Weight Update (per epoch) is: 4.27567e+09ns
Chip PEAK writeDynamicEnergy of Weight Update (per epoch) is: 3.64565e+08pJ

Chip PEAK total Latency (per epoch) is: 1.79003e+12ns
Chip PEAK total Energy (per epoch) is: 7.51195e+13pJ

Chip leakage Energy is: 3.57734e+10pJ
Chip leakage Power is: 296.960uW

******************** Breakdown of Latency and Dynamic Energy ********************

ADC readLatency is : 6.39717e+10ns
Accumulation Circuits readLatency is : 3.61374e+10ns
Synaptic Array readLatency is : 6.39963e+10ns
Buffer readLatency is : 4.18520e+12ns
Interconnect readLatency is : 1.47958e+11ns
Weight Gradient Calculation readLatency is : 1.53381e+12ns
Weight Update writeLatency is : 5.95684e+09ns
DRAM data transfer Latency is : 4.89145e+10ns

ADC readDynamicEnergy is : 7.72398e+12pJ
Accumulation Circuits readDynamicEnergy is : 6.66926e+11pJ
Synaptic Array readDynamicEnergy is : 1.03077e+11pJ
Buffer readDynamicEnergy is : 4.67864e+11pJ
Interconnect readDynamicEnergy is : 1.38864e+12pJ
Weight Gradient Calculation readDynamicEnergy is : 6.24681e+13pJ
Weight Update writeDynamicEnergy is : 3.88920e+08pJ
DRAM data transfer DynamicEnergy is : 1.93706e+14pJ

******************** Breakdown of Latency and Dynamic Energy ********************

----------------------------Chip layer-by-layer Performance----------------------------
Energy Efficiency TOPS/W : 311.755587
Throughput FPS : 5.1103240
Throughput TOPS : 475.711174

Peak Energy Efficiency TOPS/W : 1172.37040
Peak Throughput FPS : 59.6890391
Peak Throughput TOPS : 1637.37356

---------------------------- Hardware Performance Done ----------------------------

