
---------------------------- Summary ----------------------------

ChipArea : 4.32487e+07um^2
Chip total CIM (Forward+Activation Gradient) array : 30650um^2
Total IC Area on chip (Global and Tile/PE/Local) : 1.77586e+07um^2
Total ABC (or S/As and precharger for SRAM) area on chip : 1.59032e+07um^2
Total Accumulation Circuits (subarray level: adders, shiftadds; PE/Tile/Global level: accumulation units) on chip : 6.53584e+06um^2
Other Peripheries (e.g. decoders, mux, switchmatrix, buffers, pooling and activation units) : 7.57076e+06um^2
Weight Gradient Calculation : 8.92928e+06um^2

----------------------------Chip layer-by-layer Estimation----------------------------

Chip readLatency of Forward (per epoch) is: 9.36850e+12ns
Chip readDynamicEnergy of Forward (per epoch) is: 4.96042e+12pJ
Chip readLatency of Activation Gradient (per epoch) is: 7.74147e+11ns
Chip readDynamicEnergy of Activation Gradient (per epoch) is: 5.11087e+12pJ
Chip readLatency of Weight Gradient (per epoch) is: 7.66298e+12ns
Chip readDynamicEnergy of Weight Gradient (per epoch) is: 4.86395e+14pJ
Chip writeLatency of Weight Update (per epoch) is: 6.66166e+09ns
Chip writeDynamicEnergy of Weight Update (per epoch) is: 1.02775e+09pJ

Chip total Latency (per epoch) is: 6.67622e+12ns
Chip total Energy (per epoch) is: 2.81831e+14pJ

----------------------------Chip PEAK layer-by-layer Estimation----------------------------

Chip PEAK readLatency of Forward (per epoch) is: 7.49915e+10ns
Chip PEAK readDynamicEnergy of Forward (per epoch) is: 4.29599e+12pJ
Chip PEAK readLatency of Activation Gradient (per epoch) is: 1.09698e+11ns
Chip PEAK readDynamicEnergy of Activation Gradient (per epoch) is: 4.48150e+12pJ
Chip PEAK readLatency of Weight Gradient (per epoch) is: 6.63470e+11ns
Chip PEAK readDynamicEnergy of Weight Gradient (per epoch) is: 6.65256e+13pJ
Chip PEAK writeLatency of Weight Update (per epoch) is: 4.78157e+09ns
Chip PEAK writeDynamicEnergy of Weight Update (per epoch) is: 3.69212e+08pJ

Chip PEAK total Latency (per epoch) is: 2.00183e+12ns
Chip PEAK total Energy (per epoch) is: 7.60771e+13pJ

Chip leakage Energy is: 3.66912e+10pJ
Chip leakage Power is: 300.745uW

******************** Breakdown of Latency and Dynamic Energy ********************

ADC readLatency is : 7.15409e+10ns
Accumulation Circuits readLatency is : 4.04132e+10ns
Synaptic Array readLatency is : 7.15684e+10ns
Buffer readLatency is : 4.68040e+12ns
Interconnect readLatency is : 1.65465e+11ns
Weight Gradient Calculation readLatency is : 1.71529e+12ns
Weight Update writeLatency is : 6.66166e+09ns
DRAM data transfer Latency is : 5.47021e+10ns

ADC readDynamicEnergy is : 7.82244e+12pJ
Accumulation Circuits readDynamicEnergy is : 6.75427e+11pJ
Synaptic Array readDynamicEnergy is : 1.04391e+11pJ
Buffer readDynamicEnergy is : 4.73827e+11pJ
Interconnect readDynamicEnergy is : 1.40634e+12pJ
Weight Gradient Calculation readDynamicEnergy is : 6.32644e+13pJ
Weight Update writeDynamicEnergy is : 3.93878e+08pJ
DRAM data transfer DynamicEnergy is : 1.96175e+14pJ

******************** Breakdown of Latency and Dynamic Energy ********************

----------------------------Chip layer-by-layer Performance----------------------------
Energy Efficiency TOPS/W : 324.873279
Throughput FPS : 5.3932317
Throughput TOPS : 502.046558

Peak Energy Efficiency TOPS/W : 1221.70005
Peak Throughput FPS : 62.9934261
Peak Throughput TOPS : 1728.01861

---------------------------- Hardware Performance Done ----------------------------

