
---------------------------- Summary ----------------------------

ChipArea : 4.32487e+07um^2
Chip total CIM (Forward+Activation Gradient) array : 30650um^2
Total IC Area on chip (Global and Tile/PE/Local) : 1.77586e+07um^2
Total ABC (or S/As and precharger for SRAM) area on chip : 1.59032e+07um^2
Total Accumulation Circuits (subarray level: adders, shiftadds; PE/Tile/Global level: accumulation units) on chip : 6.53584e+06um^2
Other Peripheries (e.g. decoders, mux, switchmatrix, buffers, pooling and activation units) : 7.57076e+06um^2
Weight Gradient Calculation : 8.92928e+06um^2

----------------------------Chip layer-by-layer Estimation----------------------------

Chip readLatency of Forward (per epoch) is: 7.26649e+12ns
Chip readDynamicEnergy of Forward (per epoch) is: 4.80736e+12pJ
Chip readLatency of Activation Gradient (per epoch) is: 6.00452e+11ns
Chip readDynamicEnergy of Activation Gradient (per epoch) is: 4.95317e+12pJ
Chip readLatency of Weight Gradient (per epoch) is: 5.94364e+12ns
Chip readDynamicEnergy of Weight Gradient (per epoch) is: 4.71387e+14pJ
Chip writeLatency of Weight Update (per epoch) is: 5.16698e+09ns
Chip writeDynamicEnergy of Weight Update (per epoch) is: 9.96035e+08pJ

Chip total Latency (per epoch) is: 5.17827e+12ns
Chip total Energy (per epoch) is: 2.73136e+14pJ

----------------------------Chip PEAK layer-by-layer Estimation----------------------------

Chip PEAK readLatency of Forward (per epoch) is: 5.81657e+10ns
Chip PEAK readDynamicEnergy of Forward (per epoch) is: 4.16344e+12pJ
Chip PEAK readLatency of Activation Gradient (per epoch) is: 8.50852e+10ns
Chip PEAK readDynamicEnergy of Activation Gradient (per epoch) is: 4.34323e+12pJ
Chip PEAK readLatency of Weight Gradient (per epoch) is: 5.14608e+11ns
Chip PEAK readDynamicEnergy of Weight Gradient (per epoch) is: 6.44729e+13pJ
Chip PEAK writeLatency of Weight Update (per epoch) is: 3.70873e+09ns
Chip PEAK writeDynamicEnergy of Weight Update (per epoch) is: 3.57820e+08pJ

Chip PEAK total Latency (per epoch) is: 1.55268e+12ns
Chip PEAK total Energy (per epoch) is: 7.37297e+13pJ

Chip leakage Energy is: 3.44620e+10pJ
Chip leakage Power is: 291.466uW

******************** Breakdown of Latency and Dynamic Energy ********************

ADC readLatency is : 5.54893e+10ns
Accumulation Circuits readLatency is : 3.13457e+10ns
Synaptic Array readLatency is : 5.55106e+10ns
Buffer readLatency is : 3.63026e+12ns
Interconnect readLatency is : 1.28340e+11ns
Weight Gradient Calculation readLatency is : 1.33043e+12ns
Weight Update writeLatency is : 5.16698e+09ns
DRAM data transfer Latency is : 4.24286e+10ns

ADC readDynamicEnergy is : 7.58108e+12pJ
Accumulation Circuits readDynamicEnergy is : 6.54587e+11pJ
Synaptic Array readDynamicEnergy is : 1.01170e+11pJ
Buffer readDynamicEnergy is : 4.59208e+11pJ
Interconnect readDynamicEnergy is : 1.36295e+12pJ
Weight Gradient Calculation readDynamicEnergy is : 6.13124e+13pJ
Weight Update writeDynamicEnergy is : 3.81725e+08pJ
DRAM data transfer DynamicEnergy is : 1.90122e+14pJ

******************** Breakdown of Latency and Dynamic Energy ********************

----------------------------Chip layer-by-layer Performance----------------------------
Energy Efficiency TOPS/W : 293.836204
Throughput FPS : 4.7274748
Throughput TOPS : 440.072407

Peak Energy Efficiency TOPS/W : 1104.98378
Peak Throughput FPS : 55.2173263
Peak Throughput TOPS : 1514.70674

---------------------------- Hardware Performance Done ----------------------------

