
---------------------------- Summary ----------------------------

ChipArea : 4.32487e+07um^2
Chip total CIM (Forward+Activation Gradient) array : 30650um^2
Total IC Area on chip (Global and Tile/PE/Local) : 1.77586e+07um^2
Total ABC (or S/As and precharger for SRAM) area on chip : 1.59032e+07um^2
Total Accumulation Circuits (subarray level: adders, shiftadds; PE/Tile/Global level: accumulation units) on chip : 6.53584e+06um^2
Other Peripheries (e.g. decoders, mux, switchmatrix, buffers, pooling and activation units) : 7.57076e+06um^2
Weight Gradient Calculation : 8.92928e+06um^2

----------------------------Chip layer-by-layer Estimation----------------------------

Chip readLatency of Forward (per epoch) is: 8.84868e+12ns
Chip readDynamicEnergy of Forward (per epoch) is: 4.90405e+12pJ
Chip readLatency of Activation Gradient (per epoch) is: 7.31193e+11ns
Chip readDynamicEnergy of Activation Gradient (per epoch) is: 5.05279e+12pJ
Chip readLatency of Weight Gradient (per epoch) is: 7.23779e+12ns
Chip readDynamicEnergy of Weight Gradient (per epoch) is: 4.80868e+14pJ
Chip writeLatency of Weight Update (per epoch) is: 6.29203e+09ns
Chip writeDynamicEnergy of Weight Update (per epoch) is: 1.01607e+09pJ

Chip total Latency (per epoch) is: 6.30578e+12ns
Chip total Energy (per epoch) is: 2.78629e+14pJ

----------------------------Chip PEAK layer-by-layer Estimation----------------------------

Chip PEAK readLatency of Forward (per epoch) is: 7.08305e+10ns
Chip PEAK readDynamicEnergy of Forward (per epoch) is: 4.24717e+12pJ
Chip PEAK readLatency of Activation Gradient (per epoch) is: 1.03611e+11ns
Chip PEAK readDynamicEnergy of Activation Gradient (per epoch) is: 4.43058e+12pJ
Chip PEAK readLatency of Weight Gradient (per epoch) is: 6.26657e+11ns
Chip PEAK readDynamicEnergy of Weight Gradient (per epoch) is: 6.57696e+13pJ
Chip PEAK writeLatency of Weight Update (per epoch) is: 4.51626e+09ns
Chip PEAK writeDynamicEnergy of Weight Update (per epoch) is: 3.65016e+08pJ

Chip PEAK total Latency (per epoch) is: 1.89076e+12ns
Chip PEAK total Energy (per epoch) is: 7.52126e+13pJ

Chip leakage Energy is: 3.58621e+10pJ
Chip leakage Power is: 297.328uW

******************** Breakdown of Latency and Dynamic Energy ********************

ADC readLatency is : 6.75714e+10ns
Accumulation Circuits readLatency is : 3.81709e+10ns
Synaptic Array readLatency is : 6.75974e+10ns
Buffer readLatency is : 4.42070e+12ns
Interconnect readLatency is : 1.56284e+11ns
Weight Gradient Calculation readLatency is : 1.62011e+12ns
Weight Update writeLatency is : 6.29203e+09ns
DRAM data transfer Latency is : 5.16669e+10ns

ADC readDynamicEnergy is : 7.73355e+12pJ
Accumulation Circuits readDynamicEnergy is : 6.67752e+11pJ
Synaptic Array readDynamicEnergy is : 1.03205e+11pJ
Buffer readDynamicEnergy is : 4.68443e+11pJ
Interconnect readDynamicEnergy is : 1.39036e+12pJ
Weight Gradient Calculation readDynamicEnergy is : 6.25455e+13pJ
Weight Update writeDynamicEnergy is : 3.89402e+08pJ
DRAM data transfer DynamicEnergy is : 1.93946e+14pJ

******************** Breakdown of Latency and Dynamic Energy ********************

----------------------------Chip layer-by-layer Performance----------------------------
Energy Efficiency TOPS/W : 312.579837
Throughput FPS : 5.1301815
Throughput TOPS : 477.559674

Peak Energy Efficiency TOPS/W : 1175.47003
Peak Throughput FPS : 59.9209765
Peak Throughput TOPS : 1643.73600

---------------------------- Hardware Performance Done ----------------------------

