
---------------------------- Summary ----------------------------

ChipArea : 4.32487e+07um^2
Chip total CIM (Forward+Activation Gradient) array : 30650um^2
Total IC Area on chip (Global and Tile/PE/Local) : 1.77586e+07um^2
Total ABC (or S/As and precharger for SRAM) area on chip : 1.59032e+07um^2
Total Accumulation Circuits (subarray level: adders, shiftadds; PE/Tile/Global level: accumulation units) on chip : 6.53584e+06um^2
Other Peripheries (e.g. decoders, mux, switchmatrix, buffers, pooling and activation units) : 7.57076e+06um^2
Weight Gradient Calculation : 8.92928e+06um^2

----------------------------Chip layer-by-layer Estimation----------------------------

Chip readLatency of Forward (per epoch) is: 7.07318e+12ns
Chip readDynamicEnergy of Forward (per epoch) is: 4.78100e+12pJ
Chip readLatency of Activation Gradient (per epoch) is: 5.84478e+11ns
Chip readDynamicEnergy of Activation Gradient (per epoch) is: 4.92601e+12pJ
Chip readLatency of Weight Gradient (per epoch) is: 5.78552e+12ns
Chip readDynamicEnergy of Weight Gradient (per epoch) is: 4.68802e+14pJ
Chip writeLatency of Weight Update (per epoch) is: 5.02953e+09ns
Chip writeDynamicEnergy of Weight Update (per epoch) is: 9.90572e+08pJ

Chip total Latency (per epoch) is: 5.04052e+12ns
Chip total Energy (per epoch) is: 2.71638e+14pJ

----------------------------Chip PEAK layer-by-layer Estimation----------------------------

Chip PEAK readLatency of Forward (per epoch) is: 5.66183e+10ns
Chip PEAK readDynamicEnergy of Forward (per epoch) is: 4.14060e+12pJ
Chip PEAK readLatency of Activation Gradient (per epoch) is: 8.28217e+10ns
Chip PEAK readDynamicEnergy of Activation Gradient (per epoch) is: 4.31941e+12pJ
Chip PEAK readLatency of Weight Gradient (per epoch) is: 5.00917e+11ns
Chip PEAK readDynamicEnergy of Weight Gradient (per epoch) is: 6.41193e+13pJ
Chip PEAK writeLatency of Weight Update (per epoch) is: 3.61007e+09ns
Chip PEAK writeDynamicEnergy of Weight Update (per epoch) is: 3.55857e+08pJ

Chip PEAK total Latency (per epoch) is: 1.51137e+12ns
Chip PEAK total Energy (per epoch) is: 7.33254e+13pJ

Chip leakage Energy is: 3.40850e+10pJ
Chip leakage Power is: 289.867uW

******************** Breakdown of Latency and Dynamic Energy ********************

ADC readLatency is : 5.40131e+10ns
Accumulation Circuits readLatency is : 3.05118e+10ns
Synaptic Array readLatency is : 5.40339e+10ns
Buffer readLatency is : 3.53368e+12ns
Interconnect readLatency is : 1.24925e+11ns
Weight Gradient Calculation readLatency is : 1.29504e+12ns
Weight Update writeLatency is : 5.02953e+09ns
DRAM data transfer Latency is : 4.12999e+10ns

ADC readDynamicEnergy is : 7.53950e+12pJ
Accumulation Circuits readDynamicEnergy is : 6.50997e+11pJ
Synaptic Array readDynamicEnergy is : 1.00615e+11pJ
Buffer readDynamicEnergy is : 4.56689e+11pJ
Interconnect readDynamicEnergy is : 1.35547e+12pJ
Weight Gradient Calculation readDynamicEnergy is : 6.09761e+13pJ
Weight Update writeDynamicEnergy is : 3.79631e+08pJ
DRAM data transfer DynamicEnergy is : 1.89080e+14pJ

******************** Breakdown of Latency and Dynamic Energy ********************

----------------------------Chip layer-by-layer Performance----------------------------
Energy Efficiency TOPS/W : 289.304575
Throughput FPS : 4.6290386
Throughput TOPS : 430.909150

Peak Energy Efficiency TOPS/W : 1087.94240
Peak Throughput FPS : 54.0675824
Peak Throughput TOPS : 1483.16728

---------------------------- Hardware Performance Done ----------------------------

