
---------------------------- Summary ----------------------------

ChipArea : 4.32487e+07um^2
Chip total CIM (Forward+Activation Gradient) array : 30650um^2
Total IC Area on chip (Global and Tile/PE/Local) : 1.77586e+07um^2
Total ABC (or S/As and precharger for SRAM) area on chip : 1.59032e+07um^2
Total Accumulation Circuits (subarray level: adders, shiftadds; PE/Tile/Global level: accumulation units) on chip : 6.53584e+06um^2
Other Peripheries (e.g. decoders, mux, switchmatrix, buffers, pooling and activation units) : 7.57076e+06um^2
Weight Gradient Calculation : 8.92928e+06um^2

----------------------------Chip layer-by-layer Estimation----------------------------

Chip readLatency of Forward (per epoch) is: 6.26947e+12ns
Chip readDynamicEnergy of Forward (per epoch) is: 4.71468e+12pJ
Chip readLatency of Activation Gradient (per epoch) is: 5.18065e+11ns
Chip readDynamicEnergy of Activation Gradient (per epoch) is: 4.85767e+12pJ
Chip readLatency of Weight Gradient (per epoch) is: 5.12812e+12ns
Chip readDynamicEnergy of Weight Gradient (per epoch) is: 4.62299e+14pJ
Chip writeLatency of Weight Update (per epoch) is: 4.45803e+09ns
Chip writeDynamicEnergy of Weight Update (per epoch) is: 9.76831e+08pJ

Chip total Latency (per epoch) is: 4.46777e+12ns
Chip total Energy (per epoch) is: 2.67869e+14pJ

----------------------------Chip PEAK layer-by-layer Estimation----------------------------

Chip PEAK readLatency of Forward (per epoch) is: 5.01849e+10ns
Chip PEAK readDynamicEnergy of Forward (per epoch) is: 4.08316e+12pJ
Chip PEAK readLatency of Activation Gradient (per epoch) is: 7.34108e+10ns
Chip PEAK readDynamicEnergy of Activation Gradient (per epoch) is: 4.25949e+12pJ
Chip PEAK readLatency of Weight Gradient (per epoch) is: 4.43999e+11ns
Chip PEAK readDynamicEnergy of Weight Gradient (per epoch) is: 6.32299e+13pJ
Chip PEAK writeLatency of Weight Update (per epoch) is: 3.19986e+09ns
Chip PEAK writeDynamicEnergy of Weight Update (per epoch) is: 3.50921e+08pJ

Chip PEAK total Latency (per epoch) is: 1.33964e+12ns
Chip PEAK total Energy (per epoch) is: 7.23082e+13pJ

Chip leakage Energy is: 3.31459e+10pJ
Chip leakage Power is: 285.846uW

******************** Breakdown of Latency and Dynamic Energy ********************

ADC readLatency is : 4.78757e+10ns
Accumulation Circuits readLatency is : 2.70448e+10ns
Synaptic Array readLatency is : 4.78941e+10ns
Buffer readLatency is : 3.13216e+12ns
Interconnect readLatency is : 1.10730e+11ns
Weight Gradient Calculation readLatency is : 1.14788e+12ns
Weight Update writeLatency is : 4.45803e+09ns
DRAM data transfer Latency is : 3.66070e+10ns

ADC readDynamicEnergy is : 7.43491e+12pJ
Accumulation Circuits readDynamicEnergy is : 6.41966e+11pJ
Synaptic Array readDynamicEnergy is : 9.92195e+10pJ
Buffer readDynamicEnergy is : 4.50354e+11pJ
Interconnect readDynamicEnergy is : 1.33667e+12pJ
Weight Gradient Calculation readDynamicEnergy is : 6.01303e+13pJ
Weight Update writeDynamicEnergy is : 3.74365e+08pJ
DRAM data transfer DynamicEnergy is : 1.86457e+14pJ

******************** Breakdown of Latency and Dynamic Energy ********************

----------------------------Chip layer-by-layer Performance----------------------------
Energy Efficiency TOPS/W : 278.051548
Throughput FPS : 4.3872674
Throughput TOPS : 408.403096

Peak Energy Efficiency TOPS/W : 1045.62490
Peak Throughput FPS : 51.2436741
Peak Throughput TOPS : 1405.70259

---------------------------- Hardware Performance Done ----------------------------

