
---------------------------- Summary ----------------------------

ChipArea : 4.32487e+07um^2
Chip total CIM (Forward+Activation Gradient) array : 30650um^2
Total IC Area on chip (Global and Tile/PE/Local) : 1.77586e+07um^2
Total ABC (or S/As and precharger for SRAM) area on chip : 1.59032e+07um^2
Total Accumulation Circuits (subarray level: adders, shiftadds; PE/Tile/Global level: accumulation units) on chip : 6.53584e+06um^2
Other Peripheries (e.g. decoders, mux, switchmatrix, buffers, pooling and activation units) : 7.57076e+06um^2
Weight Gradient Calculation : 8.92928e+06um^2

----------------------------Chip layer-by-layer Estimation----------------------------

Chip readLatency of Forward (per epoch) is: 8.78936e+12ns
Chip readDynamicEnergy of Forward (per epoch) is: 4.92856e+12pJ
Chip readLatency of Activation Gradient (per epoch) is: 7.26291e+11ns
Chip readDynamicEnergy of Activation Gradient (per epoch) is: 5.07805e+12pJ
Chip readLatency of Weight Gradient (per epoch) is: 7.18927e+12ns
Chip readDynamicEnergy of Weight Gradient (per epoch) is: 4.83271e+14pJ
Chip writeLatency of Weight Update (per epoch) is: 6.24985e+09ns
Chip writeDynamicEnergy of Weight Update (per epoch) is: 1.02115e+09pJ

Chip total Latency (per epoch) is: 6.26351e+12ns
Chip total Energy (per epoch) is: 2.80022e+14pJ

----------------------------Chip PEAK layer-by-layer Estimation----------------------------

Chip PEAK readLatency of Forward (per epoch) is: 7.03557e+10ns
Chip PEAK readDynamicEnergy of Forward (per epoch) is: 4.26840e+12pJ
Chip PEAK readLatency of Activation Gradient (per epoch) is: 1.02917e+11ns
Chip PEAK readDynamicEnergy of Activation Gradient (per epoch) is: 4.45272e+12pJ
Chip PEAK readLatency of Weight Gradient (per epoch) is: 6.22456e+11ns
Chip PEAK readDynamicEnergy of Weight Gradient (per epoch) is: 6.60984e+13pJ
Chip PEAK writeLatency of Weight Update (per epoch) is: 4.48599e+09ns
Chip PEAK writeDynamicEnergy of Weight Update (per epoch) is: 3.66841e+08pJ

Chip PEAK total Latency (per epoch) is: 1.87808e+12ns
Chip PEAK total Energy (per epoch) is: 7.55885e+13pJ

Chip leakage Energy is: 3.62215e+10pJ
Chip leakage Power is: 298.814uW

******************** Breakdown of Latency and Dynamic Energy ********************

ADC readLatency is : 6.71184e+10ns
Accumulation Circuits readLatency is : 3.79150e+10ns
Synaptic Array readLatency is : 6.71443e+10ns
Buffer readLatency is : 4.39107e+12ns
Interconnect readLatency is : 1.55236e+11ns
Weight Gradient Calculation readLatency is : 1.60925e+12ns
Weight Update writeLatency is : 6.24985e+09ns
DRAM data transfer Latency is : 5.13205e+10ns

ADC readDynamicEnergy is : 7.77221e+12pJ
Accumulation Circuits readDynamicEnergy is : 6.71090e+11pJ
Synaptic Array readDynamicEnergy is : 1.03721e+11pJ
Buffer readDynamicEnergy is : 4.70785e+11pJ
Interconnect readDynamicEnergy is : 1.39731e+12pJ
Weight Gradient Calculation readDynamicEnergy is : 6.28582e+13pJ
Weight Update writeDynamicEnergy is : 3.91349e+08pJ
DRAM data transfer DynamicEnergy is : 1.94915e+14pJ

******************** Breakdown of Latency and Dynamic Energy ********************

----------------------------Chip layer-by-layer Performance----------------------------
Energy Efficiency TOPS/W : 317.933450
Throughput FPS : 5.2441296
Throughput TOPS : 488.166901

Peak Energy Efficiency TOPS/W : 1195.60253
Peak Throughput FPS : 61.2519000
Peak Throughput TOPS : 1680.24553

---------------------------- Hardware Performance Done ----------------------------

