
---------------------------- Summary ----------------------------

ChipArea : 4.32487e+07um^2
Chip total CIM (Forward+Activation Gradient) array : 30650um^2
Total IC Area on chip (Global and Tile/PE/Local) : 1.77586e+07um^2
Total ABC (or S/As and precharger for SRAM) area on chip : 1.59032e+07um^2
Total Accumulation Circuits (subarray level: adders, shiftadds; PE/Tile/Global level: accumulation units) on chip : 6.53584e+06um^2
Other Peripheries (e.g. decoders, mux, switchmatrix, buffers, pooling and activation units) : 7.57076e+06um^2
Weight Gradient Calculation : 8.92928e+06um^2

----------------------------Chip layer-by-layer Estimation----------------------------

Chip readLatency of Forward (per epoch) is: 1.07507e+13ns
Chip readDynamicEnergy of Forward (per epoch) is: 5.02250e+12pJ
Chip readLatency of Activation Gradient (per epoch) is: 8.88361e+11ns
Chip readDynamicEnergy of Activation Gradient (per epoch) is: 5.17484e+12pJ
Chip readLatency of Weight Gradient (per epoch) is: 8.79354e+12ns
Chip readDynamicEnergy of Weight Gradient (per epoch) is: 4.92483e+14pJ
Chip writeLatency of Weight Update (per epoch) is: 7.64449e+09ns
Chip writeDynamicEnergy of Weight Update (per epoch) is: 1.04061e+09pJ

Chip total Latency (per epoch) is: 7.66119e+12ns
Chip total Energy (per epoch) is: 2.85359e+14pJ

----------------------------Chip PEAK layer-by-layer Estimation----------------------------

Chip PEAK readLatency of Forward (per epoch) is: 8.60554e+10ns
Chip PEAK readDynamicEnergy of Forward (per epoch) is: 4.34976e+12pJ
Chip PEAK readLatency of Activation Gradient (per epoch) is: 1.25883e+11ns
Chip PEAK readDynamicEnergy of Activation Gradient (per epoch) is: 4.53760e+12pJ
Chip PEAK readLatency of Weight Gradient (per epoch) is: 7.61356e+11ns
Chip PEAK readDynamicEnergy of Weight Gradient (per epoch) is: 6.73583e+13pJ
Chip PEAK writeLatency of Weight Update (per epoch) is: 5.48703e+09ns
Chip PEAK writeDynamicEnergy of Weight Update (per epoch) is: 3.73833e+08pJ

Chip PEAK total Latency (per epoch) is: 2.29717e+12ns
Chip PEAK total Energy (per epoch) is: 7.70293e+13pJ

Chip leakage Energy is: 3.76155e+10pJ
Chip leakage Power is: 304.510uW

******************** Breakdown of Latency and Dynamic Energy ********************

ADC readLatency is : 8.20957e+10ns
Accumulation Circuits readLatency is : 4.63756e+10ns
Synaptic Array readLatency is : 8.21273e+10ns
Buffer readLatency is : 5.37092e+12ns
Interconnect readLatency is : 1.89877e+11ns
Weight Gradient Calculation readLatency is : 1.96835e+12ns
Weight Update writeLatency is : 7.64449e+09ns
DRAM data transfer Latency is : 6.27726e+10ns

ADC readDynamicEnergy is : 7.92035e+12pJ
Accumulation Circuits readDynamicEnergy is : 6.83881e+11pJ
Synaptic Array readDynamicEnergy is : 1.05698e+11pJ
Buffer readDynamicEnergy is : 4.79758e+11pJ
Interconnect readDynamicEnergy is : 1.42394e+12pJ
Weight Gradient Calculation readDynamicEnergy is : 6.40563e+13pJ
Weight Update writeDynamicEnergy is : 3.98808e+08pJ
DRAM data transfer DynamicEnergy is : 1.98631e+14pJ

******************** Breakdown of Latency and Dynamic Energy ********************

----------------------------Chip layer-by-layer Performance----------------------------
Energy Efficiency TOPS/W : 339.539218
Throughput FPS : 5.7072549
Throughput TOPS : 531.278435

Peak Energy Efficiency TOPS/W : 1276.85195
Peak Throughput FPS : 66.6612454
Peak Throughput TOPS : 1828.63323

---------------------------- Hardware Performance Done ----------------------------

