
---------------------------- Summary ----------------------------

ChipArea : 4.32487e+07um^2
Chip total CIM (Forward+Activation Gradient) array : 30650um^2
Total IC Area on chip (Global and Tile/PE/Local) : 1.77586e+07um^2
Total ABC (or S/As and precharger for SRAM) area on chip : 1.59032e+07um^2
Total Accumulation Circuits (subarray level: adders, shiftadds; PE/Tile/Global level: accumulation units) on chip : 6.53584e+06um^2
Other Peripheries (e.g. decoders, mux, switchmatrix, buffers, pooling and activation units) : 7.57076e+06um^2
Weight Gradient Calculation : 8.92928e+06um^2

----------------------------Chip layer-by-layer Estimation----------------------------

Chip readLatency of Forward (per epoch) is: 8.08831e+12ns
Chip readDynamicEnergy of Forward (per epoch) is: 4.86414e+12pJ
Chip readLatency of Activation Gradient (per epoch) is: 6.68361e+11ns
Chip readDynamicEnergy of Activation Gradient (per epoch) is: 5.01167e+12pJ
Chip readLatency of Weight Gradient (per epoch) is: 6.61584e+12ns
Chip readDynamicEnergy of Weight Gradient (per epoch) is: 4.76954e+14pJ
Chip writeLatency of Weight Update (per epoch) is: 5.75135e+09ns
Chip writeDynamicEnergy of Weight Update (per epoch) is: 1.00780e+09pJ

Chip total Latency (per epoch) is: 5.76392e+12ns
Chip total Energy (per epoch) is: 2.76361e+14pJ

----------------------------Chip PEAK layer-by-layer Estimation----------------------------

Chip PEAK readLatency of Forward (per epoch) is: 6.47440e+10ns
Chip PEAK readDynamicEnergy of Forward (per epoch) is: 4.21260e+12pJ
Chip PEAK readLatency of Activation Gradient (per epoch) is: 9.47081e+10ns
Chip PEAK readDynamicEnergy of Activation Gradient (per epoch) is: 4.39452e+12pJ
Chip PEAK readLatency of Weight Gradient (per epoch) is: 5.72808e+11ns
Chip PEAK readDynamicEnergy of Weight Gradient (per epoch) is: 6.52343e+13pJ
Chip PEAK writeLatency of Weight Update (per epoch) is: 4.12818e+09ns
Chip PEAK writeDynamicEnergy of Weight Update (per epoch) is: 3.62045e+08pJ

Chip PEAK total Latency (per epoch) is: 1.72828e+12ns
Chip PEAK total Energy (per epoch) is: 7.46004e+13pJ

Chip leakage Energy is: 3.52807e+10pJ
Chip leakage Power is: 294.908uW

******************** Breakdown of Latency and Dynamic Energy ********************

ADC readLatency is : 6.17650e+10ns
Accumulation Circuits readLatency is : 3.48908e+10ns
Synaptic Array readLatency is : 6.17887e+10ns
Buffer readLatency is : 4.04083e+12ns
Interconnect readLatency is : 1.42854e+11ns
Weight Gradient Calculation readLatency is : 1.48090e+12ns
Weight Update writeLatency is : 5.75135e+09ns
DRAM data transfer Latency is : 4.72272e+10ns

ADC readDynamicEnergy is : 7.67061e+12pJ
Accumulation Circuits readDynamicEnergy is : 6.62317e+11pJ
Synaptic Array readDynamicEnergy is : 1.02365e+11pJ
Buffer readDynamicEnergy is : 4.64631e+11pJ
Interconnect readDynamicEnergy is : 1.37904e+12pJ
Weight Gradient Calculation readDynamicEnergy is : 6.20365e+13pJ
Weight Update writeDynamicEnergy is : 3.86233e+08pJ
DRAM data transfer DynamicEnergy is : 1.92367e+14pJ

******************** Breakdown of Latency and Dynamic Energy ********************

----------------------------Chip layer-by-layer Performance----------------------------
Energy Efficiency TOPS/W : 304.559818
Throughput FPS : 4.9578715
Throughput TOPS : 461.519637

Peak Energy Efficiency TOPS/W : 1145.31040
Peak Throughput FPS : 57.9083804
Peak Throughput TOPS : 1588.52701

---------------------------- Hardware Performance Done ----------------------------

