
---------------------------- Summary ----------------------------

ChipArea : 4.32487e+07um^2
Chip total CIM (Forward+Activation Gradient) array : 30650um^2
Total IC Area on chip (Global and Tile/PE/Local) : 1.77586e+07um^2
Total ABC (or S/As and precharger for SRAM) area on chip : 1.59032e+07um^2
Total Accumulation Circuits (subarray level: adders, shiftadds; PE/Tile/Global level: accumulation units) on chip : 6.53584e+06um^2
Other Peripheries (e.g. decoders, mux, switchmatrix, buffers, pooling and activation units) : 7.57076e+06um^2
Weight Gradient Calculation : 8.92928e+06um^2

----------------------------Chip layer-by-layer Estimation----------------------------

Chip readLatency of Forward (per epoch) is: 8.58670e+12ns
Chip readDynamicEnergy of Forward (per epoch) is: 4.90382e+12pJ
Chip readLatency of Activation Gradient (per epoch) is: 7.09544e+11ns
Chip readDynamicEnergy of Activation Gradient (per epoch) is: 5.05255e+12pJ
Chip readLatency of Weight Gradient (per epoch) is: 7.02350e+12ns
Chip readDynamicEnergy of Weight Gradient (per epoch) is: 4.80845e+14pJ
Chip writeLatency of Weight Update (per epoch) is: 6.10574e+09ns
Chip writeDynamicEnergy of Weight Update (per epoch) is: 1.01602e+09pJ

Chip total Latency (per epoch) is: 6.11908e+12ns
Chip total Energy (per epoch) is: 2.78616e+14pJ

----------------------------Chip PEAK layer-by-layer Estimation----------------------------

Chip PEAK readLatency of Forward (per epoch) is: 6.87334e+10ns
Chip PEAK readDynamicEnergy of Forward (per epoch) is: 4.24697e+12pJ
Chip PEAK readLatency of Activation Gradient (per epoch) is: 1.00544e+11ns
Chip PEAK readDynamicEnergy of Activation Gradient (per epoch) is: 4.43037e+12pJ
Chip PEAK readLatency of Weight Gradient (per epoch) is: 6.08103e+11ns
Chip PEAK readDynamicEnergy of Weight Gradient (per epoch) is: 6.57665e+13pJ
Chip PEAK writeLatency of Weight Update (per epoch) is: 4.38255e+09ns
Chip PEAK writeDynamicEnergy of Weight Update (per epoch) is: 3.64999e+08pJ

Chip PEAK total Latency (per epoch) is: 1.83478e+12ns
Chip PEAK total Energy (per epoch) is: 7.52090e+13pJ

Chip leakage Energy is: 3.58587e+10pJ
Chip leakage Power is: 297.314uW

******************** Breakdown of Latency and Dynamic Energy ********************

ADC readLatency is : 6.55708e+10ns
Accumulation Circuits readLatency is : 3.70407e+10ns
Synaptic Array readLatency is : 6.55960e+10ns
Buffer readLatency is : 4.28982e+12ns
Interconnect readLatency is : 1.51657e+11ns
Weight Gradient Calculation readLatency is : 1.57215e+12ns
Weight Update writeLatency is : 6.10574e+09ns
DRAM data transfer Latency is : 5.01372e+10ns

ADC readDynamicEnergy is : 7.73318e+12pJ
Accumulation Circuits readDynamicEnergy is : 6.67720e+11pJ
Synaptic Array readDynamicEnergy is : 1.03200e+11pJ
Buffer readDynamicEnergy is : 4.68421e+11pJ
Interconnect readDynamicEnergy is : 1.39029e+12pJ
Weight Gradient Calculation readDynamicEnergy is : 6.25425e+13pJ
Weight Update writeDynamicEnergy is : 3.89384e+08pJ
DRAM data transfer DynamicEnergy is : 1.93937e+14pJ

******************** Breakdown of Latency and Dynamic Energy ********************

----------------------------Chip layer-by-layer Performance----------------------------
Energy Efficiency TOPS/W : 312.955279
Throughput FPS : 5.1360994
Throughput TOPS : 478.110558

Peak Energy Efficiency TOPS/W : 1176.88190
Peak Throughput FPS : 59.9900977
Peak Throughput TOPS : 1645.63211

---------------------------- Hardware Performance Done ----------------------------

