
---------------------------- Summary ----------------------------

ChipArea : 4.32487e+07um^2
Chip total CIM (Forward+Activation Gradient) array : 30650um^2
Total IC Area on chip (Global and Tile/PE/Local) : 1.77586e+07um^2
Total ABC (or S/As and precharger for SRAM) area on chip : 1.59032e+07um^2
Total Accumulation Circuits (subarray level: adders, shiftadds; PE/Tile/Global level: accumulation units) on chip : 6.53584e+06um^2
Other Peripheries (e.g. decoders, mux, switchmatrix, buffers, pooling and activation units) : 7.57076e+06um^2
Weight Gradient Calculation : 8.92928e+06um^2

----------------------------Chip layer-by-layer Estimation----------------------------

Chip readLatency of Forward (per epoch) is: 7.60463e+12ns
Chip readDynamicEnergy of Forward (per epoch) is: 4.82387e+12pJ
Chip readLatency of Activation Gradient (per epoch) is: 6.28393e+11ns
Chip readDynamicEnergy of Activation Gradient (per epoch) is: 4.97018e+12pJ
Chip readLatency of Weight Gradient (per epoch) is: 6.22021e+12ns
Chip readDynamicEnergy of Weight Gradient (per epoch) is: 4.73006e+14pJ
Chip writeLatency of Weight Update (per epoch) is: 5.40742e+09ns
Chip writeDynamicEnergy of Weight Update (per epoch) is: 9.99455e+08pJ

Chip total Latency (per epoch) is: 5.41924e+12ns
Chip total Energy (per epoch) is: 2.74073e+14pJ

----------------------------Chip PEAK layer-by-layer Estimation----------------------------

Chip PEAK readLatency of Forward (per epoch) is: 6.08723e+10ns
Chip PEAK readDynamicEnergy of Forward (per epoch) is: 4.17773e+12pJ
Chip PEAK readLatency of Activation Gradient (per epoch) is: 8.90445e+10ns
Chip PEAK readDynamicEnergy of Activation Gradient (per epoch) is: 4.35814e+12pJ
Chip PEAK readLatency of Weight Gradient (per epoch) is: 5.38554e+11ns
Chip PEAK readDynamicEnergy of Weight Gradient (per epoch) is: 6.46943e+13pJ
Chip PEAK writeLatency of Weight Update (per epoch) is: 3.88131e+09ns
Chip PEAK writeDynamicEnergy of Weight Update (per epoch) is: 3.59048e+08pJ

Chip PEAK total Latency (per epoch) is: 1.62493e+12ns
Chip PEAK total Energy (per epoch) is: 7.39829e+13pJ

Chip leakage Energy is: 3.46991e+10pJ
Chip leakage Power is: 292.467uW

******************** Breakdown of Latency and Dynamic Energy ********************

ADC readLatency is : 5.80714e+10ns
Accumulation Circuits readLatency is : 3.28044e+10ns
Synaptic Array readLatency is : 5.80938e+10ns
Buffer readLatency is : 3.79919e+12ns
Interconnect readLatency is : 1.34312e+11ns
Weight Gradient Calculation readLatency is : 1.39234e+12ns
Weight Update writeLatency is : 5.40742e+09ns
DRAM data transfer Latency is : 4.44030e+10ns

ADC readDynamicEnergy is : 7.60711e+12pJ
Accumulation Circuits readDynamicEnergy is : 6.56835e+11pJ
Synaptic Array readDynamicEnergy is : 1.01517e+11pJ
Buffer readDynamicEnergy is : 4.60784e+11pJ
Interconnect readDynamicEnergy is : 1.36763e+12pJ
Weight Gradient Calculation readDynamicEnergy is : 6.15229e+13pJ
Weight Update writeDynamicEnergy is : 3.83036e+08pJ
DRAM data transfer DynamicEnergy is : 1.90775e+14pJ

******************** Breakdown of Latency and Dynamic Energy ********************

----------------------------Chip layer-by-layer Performance----------------------------
Energy Efficiency TOPS/W : 296.875669
Throughput FPS : 4.7927777
Throughput TOPS : 446.151337

Peak Energy Efficiency TOPS/W : 1116.41382
Peak Throughput FPS : 55.9800696
Peak Throughput TOPS : 1535.63011

---------------------------- Hardware Performance Done ----------------------------

