
---------------------------- Summary ----------------------------

ChipArea : 4.32487e+07um^2
Chip total CIM (Forward+Activation Gradient) array : 30650um^2
Total IC Area on chip (Global and Tile/PE/Local) : 1.77586e+07um^2
Total ABC (or S/As and precharger for SRAM) area on chip : 1.59032e+07um^2
Total Accumulation Circuits (subarray level: adders, shiftadds; PE/Tile/Global level: accumulation units) on chip : 6.53584e+06um^2
Other Peripheries (e.g. decoders, mux, switchmatrix, buffers, pooling and activation units) : 7.57076e+06um^2
Weight Gradient Calculation : 8.92928e+06um^2

----------------------------Chip layer-by-layer Estimation----------------------------

Chip readLatency of Forward (per epoch) is: 7.41614e+12ns
Chip readDynamicEnergy of Forward (per epoch) is: 4.84214e+12pJ
Chip readLatency of Activation Gradient (per epoch) is: 6.12818e+11ns
Chip readDynamicEnergy of Activation Gradient (per epoch) is: 4.98901e+12pJ
Chip readLatency of Weight Gradient (per epoch) is: 6.06604e+12ns
Chip readDynamicEnergy of Weight Gradient (per epoch) is: 4.74798e+14pJ
Chip writeLatency of Weight Update (per epoch) is: 5.27340e+09ns
Chip writeDynamicEnergy of Weight Update (per epoch) is: 1.00324e+09pJ

Chip total Latency (per epoch) is: 5.28492e+12ns
Chip total Energy (per epoch) is: 2.75112e+14pJ

----------------------------Chip PEAK layer-by-layer Estimation----------------------------

Chip PEAK readLatency of Forward (per epoch) is: 5.93636e+10ns
Chip PEAK readDynamicEnergy of Forward (per epoch) is: 4.19356e+12pJ
Chip PEAK readLatency of Activation Gradient (per epoch) is: 8.68375e+10ns
Chip PEAK readDynamicEnergy of Activation Gradient (per epoch) is: 4.37465e+12pJ
Chip PEAK readLatency of Weight Gradient (per epoch) is: 5.25206e+11ns
Chip PEAK readDynamicEnergy of Weight Gradient (per epoch) is: 6.49394e+13pJ
Chip PEAK writeLatency of Weight Update (per epoch) is: 3.78511e+09ns
Chip PEAK writeDynamicEnergy of Weight Update (per epoch) is: 3.60408e+08pJ

Chip PEAK total Latency (per epoch) is: 1.58466e+12ns
Chip PEAK total Energy (per epoch) is: 7.42631e+13pJ

Chip leakage Energy is: 3.49624e+10pJ
Chip leakage Power is: 293.575uW

******************** Breakdown of Latency and Dynamic Energy ********************

ADC readLatency is : 5.66321e+10ns
Accumulation Circuits readLatency is : 3.19913e+10ns
Synaptic Array readLatency is : 5.66539e+10ns
Buffer readLatency is : 3.70502e+12ns
Interconnect readLatency is : 1.30983e+11ns
Weight Gradient Calculation readLatency is : 1.35783e+12ns
Weight Update writeLatency is : 5.27340e+09ns
DRAM data transfer Latency is : 4.33024e+10ns

ADC readDynamicEnergy is : 7.63593e+12pJ
Accumulation Circuits readDynamicEnergy is : 6.59323e+11pJ
Synaptic Array readDynamicEnergy is : 1.01902e+11pJ
Buffer readDynamicEnergy is : 4.62530e+11pJ
Interconnect readDynamicEnergy is : 1.37281e+12pJ
Weight Gradient Calculation readDynamicEnergy is : 6.17560e+13pJ
Weight Update writeDynamicEnergy is : 3.84487e+08pJ
DRAM data transfer DynamicEnergy is : 1.91498e+14pJ

******************** Breakdown of Latency and Dynamic Energy ********************

----------------------------Chip layer-by-layer Performance----------------------------
Energy Efficiency TOPS/W : 300.517535
Throughput FPS : 4.8699489
Throughput TOPS : 453.335070

Peak Energy Efficiency TOPS/W : 1130.10922
Peak Throughput FPS : 56.8814360
Peak Throughput TOPS : 1560.35615

---------------------------- Hardware Performance Done ----------------------------

