
---------------------------- Summary ----------------------------

ChipArea : 4.32487e+07um^2
Chip total CIM (Forward+Activation Gradient) array : 30650um^2
Total IC Area on chip (Global and Tile/PE/Local) : 1.77586e+07um^2
Total ABC (or S/As and precharger for SRAM) area on chip : 1.59032e+07um^2
Total Accumulation Circuits (subarray level: adders, shiftadds; PE/Tile/Global level: accumulation units) on chip : 6.53584e+06um^2
Other Peripheries (e.g. decoders, mux, switchmatrix, buffers, pooling and activation units) : 7.57076e+06um^2
Weight Gradient Calculation : 8.92928e+06um^2

----------------------------Chip layer-by-layer Estimation----------------------------

Chip readLatency of Forward (per epoch) is: 8.23970e+12ns
Chip readDynamicEnergy of Forward (per epoch) is: 4.86312e+12pJ
Chip readLatency of Activation Gradient (per epoch) is: 6.80871e+11ns
Chip readDynamicEnergy of Activation Gradient (per epoch) is: 5.01062e+12pJ
Chip readLatency of Weight Gradient (per epoch) is: 6.73967e+12ns
Chip readDynamicEnergy of Weight Gradient (per epoch) is: 4.76854e+14pJ
Chip writeLatency of Weight Update (per epoch) is: 5.85900e+09ns
Chip writeDynamicEnergy of Weight Update (per epoch) is: 1.00759e+09pJ

Chip total Latency (per epoch) is: 5.87181e+12ns
Chip total Energy (per epoch) is: 2.76303e+14pJ

----------------------------Chip PEAK layer-by-layer Estimation----------------------------

Chip PEAK readLatency of Forward (per epoch) is: 6.59559e+10ns
Chip PEAK readDynamicEnergy of Forward (per epoch) is: 4.21172e+12pJ
Chip PEAK readLatency of Activation Gradient (per epoch) is: 9.64808e+10ns
Chip PEAK readDynamicEnergy of Activation Gradient (per epoch) is: 4.39360e+12pJ
Chip PEAK readLatency of Weight Gradient (per epoch) is: 5.83530e+11ns
Chip PEAK readDynamicEnergy of Weight Gradient (per epoch) is: 6.52207e+13pJ
Chip PEAK writeLatency of Weight Update (per epoch) is: 4.20545e+09ns
Chip PEAK writeDynamicEnergy of Weight Update (per epoch) is: 3.61969e+08pJ

Chip PEAK total Latency (per epoch) is: 1.76063e+12ns
Chip PEAK total Energy (per epoch) is: 7.45848e+13pJ

Chip leakage Energy is: 3.52659e+10pJ
Chip leakage Power is: 294.846uW

******************** Breakdown of Latency and Dynamic Energy ********************

ADC readLatency is : 6.29210e+10ns
Accumulation Circuits readLatency is : 3.55439e+10ns
Synaptic Array readLatency is : 6.29453e+10ns
Buffer readLatency is : 4.11646e+12ns
Interconnect readLatency is : 1.45528e+11ns
Weight Gradient Calculation readLatency is : 1.50861e+12ns
Weight Update writeLatency is : 5.85900e+09ns
DRAM data transfer Latency is : 4.81111e+10ns

ADC readDynamicEnergy is : 7.66900e+12pJ
Accumulation Circuits readDynamicEnergy is : 6.62178e+11pJ
Synaptic Array readDynamicEnergy is : 1.02343e+11pJ
Buffer readDynamicEnergy is : 4.64533e+11pJ
Interconnect readDynamicEnergy is : 1.37875e+12pJ
Weight Gradient Calculation readDynamicEnergy is : 6.20235e+13pJ
Weight Update writeDynamicEnergy is : 3.86152e+08pJ
DRAM data transfer DynamicEnergy is : 1.92327e+14pJ

******************** Breakdown of Latency and Dynamic Energy ********************

----------------------------Chip layer-by-layer Performance----------------------------
Energy Efficiency TOPS/W : 304.566566
Throughput FPS : 4.9569422
Throughput TOPS : 461.433132

Peak Energy Efficiency TOPS/W : 1145.33578
Peak Throughput FPS : 57.8975265
Peak Throughput TOPS : 1588.22927

---------------------------- Hardware Performance Done ----------------------------

