
---------------------------- Summary ----------------------------

ChipArea : 4.32487e+07um^2
Chip total CIM (Forward+Activation Gradient) array : 30650um^2
Total IC Area on chip (Global and Tile/PE/Local) : 1.77586e+07um^2
Total ABC (or S/As and precharger for SRAM) area on chip : 1.59032e+07um^2
Total Accumulation Circuits (subarray level: adders, shiftadds; PE/Tile/Global level: accumulation units) on chip : 6.53584e+06um^2
Other Peripheries (e.g. decoders, mux, switchmatrix, buffers, pooling and activation units) : 7.57076e+06um^2
Weight Gradient Calculation : 8.92928e+06um^2

----------------------------Chip layer-by-layer Estimation----------------------------

Chip readLatency of Forward (per epoch) is: 7.28222e+12ns
Chip readDynamicEnergy of Forward (per epoch) is: 4.80056e+12pJ
Chip readLatency of Activation Gradient (per epoch) is: 6.01751e+11ns
Chip readDynamicEnergy of Activation Gradient (per epoch) is: 4.94616e+12pJ
Chip readLatency of Weight Gradient (per epoch) is: 5.95650e+12ns
Chip readDynamicEnergy of Weight Gradient (per epoch) is: 4.70720e+14pJ
Chip writeLatency of Weight Update (per epoch) is: 5.17816e+09ns
Chip writeDynamicEnergy of Weight Update (per epoch) is: 9.94625e+08pJ

Chip total Latency (per epoch) is: 5.18948e+12ns
Chip total Energy (per epoch) is: 2.72749e+14pJ

----------------------------Chip PEAK layer-by-layer Estimation----------------------------

Chip PEAK readLatency of Forward (per epoch) is: 5.82915e+10ns
Chip PEAK readDynamicEnergy of Forward (per epoch) is: 4.15755e+12pJ
Chip PEAK readLatency of Activation Gradient (per epoch) is: 8.52693e+10ns
Chip PEAK readDynamicEnergy of Activation Gradient (per epoch) is: 4.33708e+12pJ
Chip PEAK readLatency of Weight Gradient (per epoch) is: 5.15721e+11ns
Chip PEAK readDynamicEnergy of Weight Gradient (per epoch) is: 6.43817e+13pJ
Chip PEAK writeLatency of Weight Update (per epoch) is: 3.71676e+09ns
Chip PEAK writeDynamicEnergy of Weight Update (per epoch) is: 3.57313e+08pJ

Chip PEAK total Latency (per epoch) is: 1.55604e+12ns
Chip PEAK total Energy (per epoch) is: 7.36254e+13pJ

Chip leakage Energy is: 3.43645e+10pJ
Chip leakage Power is: 291.054uW

******************** Breakdown of Latency and Dynamic Energy ********************

ADC readLatency is : 5.56094e+10ns
Accumulation Circuits readLatency is : 3.14136e+10ns
Synaptic Array readLatency is : 5.56308e+10ns
Buffer readLatency is : 3.63811e+12ns
Interconnect readLatency is : 1.28617e+11ns
Weight Gradient Calculation readLatency is : 1.33331e+12ns
Weight Update writeLatency is : 5.17816e+09ns
DRAM data transfer Latency is : 4.25204e+10ns

ADC readDynamicEnergy is : 7.57035e+12pJ
Accumulation Circuits readDynamicEnergy is : 6.53661e+11pJ
Synaptic Array readDynamicEnergy is : 1.01027e+11pJ
Buffer readDynamicEnergy is : 4.58558e+11pJ
Interconnect readDynamicEnergy is : 1.36102e+12pJ
Weight Gradient Calculation readDynamicEnergy is : 6.12257e+13pJ
Weight Update writeDynamicEnergy is : 3.81185e+08pJ
DRAM data transfer DynamicEnergy is : 1.89853e+14pJ

******************** Breakdown of Latency and Dynamic Energy ********************

----------------------------Chip layer-by-layer Performance----------------------------
Energy Efficiency TOPS/W : 292.602041
Throughput FPS : 4.7009588
Throughput TOPS : 437.604081

Peak Energy Efficiency TOPS/W : 1100.34266
Peak Throughput FPS : 54.9076174
Peak Throughput TOPS : 1506.21089

---------------------------- Hardware Performance Done ----------------------------

