
---------------------------- Summary ----------------------------

ChipArea : 4.32487e+07um^2
Chip total CIM (Forward+Activation Gradient) array : 30650um^2
Total IC Area on chip (Global and Tile/PE/Local) : 1.77586e+07um^2
Total ABC (or S/As and precharger for SRAM) area on chip : 1.59032e+07um^2
Total Accumulation Circuits (subarray level: adders, shiftadds; PE/Tile/Global level: accumulation units) on chip : 6.53584e+06um^2
Other Peripheries (e.g. decoders, mux, switchmatrix, buffers, pooling and activation units) : 7.57076e+06um^2
Weight Gradient Calculation : 8.92928e+06um^2

----------------------------Chip layer-by-layer Estimation----------------------------

Chip readLatency of Forward (per epoch) is: 7.15552e+12ns
Chip readDynamicEnergy of Forward (per epoch) is: 4.80890e+12pJ
Chip readLatency of Activation Gradient (per epoch) is: 5.91282e+11ns
Chip readDynamicEnergy of Activation Gradient (per epoch) is: 4.95476e+12pJ
Chip readLatency of Weight Gradient (per epoch) is: 5.85287e+12ns
Chip readDynamicEnergy of Weight Gradient (per epoch) is: 4.71538e+14pJ
Chip writeLatency of Weight Update (per epoch) is: 5.08808e+09ns
Chip writeDynamicEnergy of Weight Update (per epoch) is: 9.96354e+08pJ

Chip total Latency (per epoch) is: 5.09919e+12ns
Chip total Energy (per epoch) is: 2.73223e+14pJ

----------------------------Chip PEAK layer-by-layer Estimation----------------------------

Chip PEAK readLatency of Forward (per epoch) is: 5.72774e+10ns
Chip PEAK readDynamicEnergy of Forward (per epoch) is: 4.16477e+12pJ
Chip PEAK readLatency of Activation Gradient (per epoch) is: 8.37858e+10ns
Chip PEAK readDynamicEnergy of Activation Gradient (per epoch) is: 4.34462e+12pJ
Chip PEAK readLatency of Weight Gradient (per epoch) is: 5.06749e+11ns
Chip PEAK readDynamicEnergy of Weight Gradient (per epoch) is: 6.44936e+13pJ
Chip PEAK writeLatency of Weight Update (per epoch) is: 3.65210e+09ns
Chip PEAK writeDynamicEnergy of Weight Update (per epoch) is: 3.57934e+08pJ

Chip PEAK total Latency (per epoch) is: 1.52897e+12ns
Chip PEAK total Energy (per epoch) is: 7.37533e+13pJ

Chip leakage Energy is: 3.44841e+10pJ
Chip leakage Power is: 291.559uW

******************** Breakdown of Latency and Dynamic Energy ********************

ADC readLatency is : 5.46419e+10ns
Accumulation Circuits readLatency is : 3.08670e+10ns
Synaptic Array readLatency is : 5.46629e+10ns
Buffer readLatency is : 3.57482e+12ns
Interconnect readLatency is : 1.26380e+11ns
Weight Gradient Calculation readLatency is : 1.31011e+12ns
Weight Update writeLatency is : 5.08808e+09ns
DRAM data transfer Latency is : 4.17807e+10ns

ADC readDynamicEnergy is : 7.58351e+12pJ
Accumulation Circuits readDynamicEnergy is : 6.54797e+11pJ
Synaptic Array readDynamicEnergy is : 1.01202e+11pJ
Buffer readDynamicEnergy is : 4.59355e+11pJ
Interconnect readDynamicEnergy is : 1.36338e+12pJ
Weight Gradient Calculation readDynamicEnergy is : 6.13320e+13pJ
Weight Update writeDynamicEnergy is : 3.81847e+08pJ
DRAM data transfer DynamicEnergy is : 1.90183e+14pJ

******************** Breakdown of Latency and Dynamic Energy ********************

----------------------------Chip layer-by-layer Performance----------------------------
Energy Efficiency TOPS/W : 294.515724
Throughput FPS : 4.7399258
Throughput TOPS : 441.231447

Peak Energy Efficiency TOPS/W : 1107.53915
Peak Throughput FPS : 55.3627549
Peak Throughput TOPS : 1518.69610

---------------------------- Hardware Performance Done ----------------------------

