
---------------------------- Summary ----------------------------

ChipArea : 4.32487e+07um^2
Chip total CIM (Forward+Activation Gradient) array : 30650um^2
Total IC Area on chip (Global and Tile/PE/Local) : 1.77586e+07um^2
Total ABC (or S/As and precharger for SRAM) area on chip : 1.59032e+07um^2
Total Accumulation Circuits (subarray level: adders, shiftadds; PE/Tile/Global level: accumulation units) on chip : 6.53584e+06um^2
Other Peripheries (e.g. decoders, mux, switchmatrix, buffers, pooling and activation units) : 7.57076e+06um^2
Weight Gradient Calculation : 8.92928e+06um^2

----------------------------Chip layer-by-layer Estimation----------------------------

Chip readLatency of Forward (per epoch) is: 7.62361e+12ns
Chip readDynamicEnergy of Forward (per epoch) is: 4.84954e+12pJ
Chip readLatency of Activation Gradient (per epoch) is: 6.29962e+11ns
Chip readDynamicEnergy of Activation Gradient (per epoch) is: 4.99662e+12pJ
Chip readLatency of Weight Gradient (per epoch) is: 6.23574e+12ns
Chip readDynamicEnergy of Weight Gradient (per epoch) is: 4.75523e+14pJ
Chip writeLatency of Weight Update (per epoch) is: 5.42092e+09ns
Chip writeDynamicEnergy of Weight Update (per epoch) is: 1.00477e+09pJ

Chip total Latency (per epoch) is: 5.43277e+12ns
Chip total Energy (per epoch) is: 2.75532e+14pJ

----------------------------Chip PEAK layer-by-layer Estimation----------------------------

Chip PEAK readLatency of Forward (per epoch) is: 6.10243e+10ns
Chip PEAK readDynamicEnergy of Forward (per epoch) is: 4.19996e+12pJ
Chip PEAK readLatency of Activation Gradient (per epoch) is: 8.92668e+10ns
Chip PEAK readDynamicEnergy of Activation Gradient (per epoch) is: 4.38133e+12pJ
Chip PEAK readLatency of Weight Gradient (per epoch) is: 5.39899e+11ns
Chip PEAK readDynamicEnergy of Weight Gradient (per epoch) is: 6.50385e+13pJ
Chip PEAK writeLatency of Weight Update (per epoch) is: 3.89100e+09ns
Chip PEAK writeDynamicEnergy of Weight Update (per epoch) is: 3.60959e+08pJ

Chip PEAK total Latency (per epoch) is: 1.62899e+12ns
Chip PEAK total Energy (per epoch) is: 7.43765e+13pJ

Chip leakage Energy is: 3.50693e+10pJ
Chip leakage Power is: 294.023uW

******************** Breakdown of Latency and Dynamic Energy ********************

ADC readLatency is : 5.82164e+10ns
Accumulation Circuits readLatency is : 3.28863e+10ns
Synaptic Array readLatency is : 5.82388e+10ns
Buffer readLatency is : 3.80867e+12ns
Interconnect readLatency is : 1.34647e+11ns
Weight Gradient Calculation readLatency is : 1.39581e+12ns
Weight Update writeLatency is : 5.42092e+09ns
DRAM data transfer Latency is : 4.45138e+10ns

ADC readDynamicEnergy is : 7.64758e+12pJ
Accumulation Circuits readDynamicEnergy is : 6.60329e+11pJ
Synaptic Array readDynamicEnergy is : 1.02058e+11pJ
Buffer readDynamicEnergy is : 4.63236e+11pJ
Interconnect readDynamicEnergy is : 1.37490e+12pJ
Weight Gradient Calculation readDynamicEnergy is : 6.18503e+13pJ
Weight Update writeDynamicEnergy is : 3.85074e+08pJ
DRAM data transfer DynamicEnergy is : 1.91790e+14pJ

******************** Breakdown of Latency and Dynamic Energy ********************

----------------------------Chip layer-by-layer Performance----------------------------
Energy Efficiency TOPS/W : 302.136874
Throughput FPS : 4.9036661
Throughput TOPS : 456.473748

Peak Energy Efficiency TOPS/W : 1136.19882
Peak Throughput FPS : 57.2752563
Peak Throughput TOPS : 1571.15932

---------------------------- Hardware Performance Done ----------------------------

