
---------------------------- Summary ----------------------------

ChipArea : 4.32487e+07um^2
Chip total CIM (Forward+Activation Gradient) array : 30650um^2
Total IC Area on chip (Global and Tile/PE/Local) : 1.77586e+07um^2
Total ABC (or S/As and precharger for SRAM) area on chip : 1.59032e+07um^2
Total Accumulation Circuits (subarray level: adders, shiftadds; PE/Tile/Global level: accumulation units) on chip : 6.53584e+06um^2
Other Peripheries (e.g. decoders, mux, switchmatrix, buffers, pooling and activation units) : 7.57076e+06um^2
Weight Gradient Calculation : 8.92928e+06um^2

----------------------------Chip layer-by-layer Estimation----------------------------

Chip readLatency of Forward (per epoch) is: 6.82308e+12ns
Chip readDynamicEnergy of Forward (per epoch) is: 4.76522e+12pJ
Chip readLatency of Activation Gradient (per epoch) is: 5.63812e+11ns
Chip readDynamicEnergy of Activation Gradient (per epoch) is: 4.90975e+12pJ
Chip readLatency of Weight Gradient (per epoch) is: 5.58095e+12ns
Chip readDynamicEnergy of Weight Gradient (per epoch) is: 4.67255e+14pJ
Chip writeLatency of Weight Update (per epoch) is: 4.85169e+09ns
Chip writeDynamicEnergy of Weight Update (per epoch) is: 9.87302e+08pJ

Chip total Latency (per epoch) is: 4.86229e+12ns
Chip total Energy (per epoch) is: 2.70741e+14pJ

----------------------------Chip PEAK layer-by-layer Estimation----------------------------

Chip PEAK readLatency of Forward (per epoch) is: 5.46163e+10ns
Chip PEAK readDynamicEnergy of Forward (per epoch) is: 4.12694e+12pJ
Chip PEAK readLatency of Activation Gradient (per epoch) is: 7.98932e+10ns
Chip PEAK readDynamicEnergy of Activation Gradient (per epoch) is: 4.30515e+12pJ
Chip PEAK readLatency of Weight Gradient (per epoch) is: 4.83206e+11ns
Chip PEAK readDynamicEnergy of Weight Gradient (per epoch) is: 6.39077e+13pJ
Chip PEAK writeLatency of Weight Update (per epoch) is: 3.48242e+09ns
Chip PEAK writeDynamicEnergy of Weight Update (per epoch) is: 3.54683e+08pJ

Chip PEAK total Latency (per epoch) is: 1.45793e+12ns
Chip PEAK total Energy (per epoch) is: 7.30833e+13pJ

Chip leakage Energy is: 3.38604e+10pJ
Chip leakage Power is: 288.911uW

******************** Breakdown of Latency and Dynamic Energy ********************

ADC readLatency is : 5.21033e+10ns
Accumulation Circuits readLatency is : 2.94330e+10ns
Synaptic Array readLatency is : 5.21233e+10ns
Buffer readLatency is : 3.40874e+12ns
Interconnect readLatency is : 1.20508e+11ns
Weight Gradient Calculation readLatency is : 1.24924e+12ns
Weight Update writeLatency is : 4.85169e+09ns
DRAM data transfer Latency is : 3.98396e+10ns

ADC readDynamicEnergy is : 7.51462e+12pJ
Accumulation Circuits readDynamicEnergy is : 6.48848e+11pJ
Synaptic Array readDynamicEnergy is : 1.00283e+11pJ
Buffer readDynamicEnergy is : 4.55182e+11pJ
Interconnect readDynamicEnergy is : 1.35100e+12pJ
Weight Gradient Calculation readDynamicEnergy is : 6.07749e+13pJ
Weight Update writeDynamicEnergy is : 3.78378e+08pJ
DRAM data transfer DynamicEnergy is : 1.88455e+14pJ

******************** Breakdown of Latency and Dynamic Energy ********************

----------------------------Chip layer-by-layer Performance----------------------------
Energy Efficiency TOPS/W : 286.351332
Throughput FPS : 4.5666624
Throughput TOPS : 425.102665

Peak Energy Efficiency TOPS/W : 1076.83660
Peak Throughput FPS : 53.3390237
Peak Throughput TOPS : 1463.18165

---------------------------- Hardware Performance Done ----------------------------

