
---------------------------- Summary ----------------------------

ChipArea : 4.32487e+07um^2
Chip total CIM (Forward+Activation Gradient) array : 30650um^2
Total IC Area on chip (Global and Tile/PE/Local) : 1.77586e+07um^2
Total ABC (or S/As and precharger for SRAM) area on chip : 1.59032e+07um^2
Total Accumulation Circuits (subarray level: adders, shiftadds; PE/Tile/Global level: accumulation units) on chip : 6.53584e+06um^2
Other Peripheries (e.g. decoders, mux, switchmatrix, buffers, pooling and activation units) : 7.57076e+06um^2
Weight Gradient Calculation : 8.92928e+06um^2

----------------------------Chip layer-by-layer Estimation----------------------------

Chip readLatency of Forward (per epoch) is: 7.62187e+12ns
Chip readDynamicEnergy of Forward (per epoch) is: 4.82145e+12pJ
Chip readLatency of Activation Gradient (per epoch) is: 6.29818e+11ns
Chip readDynamicEnergy of Activation Gradient (per epoch) is: 4.96769e+12pJ
Chip readLatency of Weight Gradient (per epoch) is: 6.23432e+12ns
Chip readDynamicEnergy of Weight Gradient (per epoch) is: 4.72769e+14pJ
Chip writeLatency of Weight Update (per epoch) is: 5.41968e+09ns
Chip writeDynamicEnergy of Weight Update (per epoch) is: 9.98953e+08pJ

Chip total Latency (per epoch) is: 5.43152e+12ns
Chip total Energy (per epoch) is: 2.73936e+14pJ

----------------------------Chip PEAK layer-by-layer Estimation----------------------------

Chip PEAK readLatency of Forward (per epoch) is: 6.10103e+10ns
Chip PEAK readDynamicEnergy of Forward (per epoch) is: 4.17564e+12pJ
Chip PEAK readLatency of Activation Gradient (per epoch) is: 8.92464e+10ns
Chip PEAK readDynamicEnergy of Activation Gradient (per epoch) is: 4.35595e+12pJ
Chip PEAK readLatency of Weight Gradient (per epoch) is: 5.39775e+11ns
Chip PEAK readDynamicEnergy of Weight Gradient (per epoch) is: 6.46619e+13pJ
Chip PEAK writeLatency of Weight Update (per epoch) is: 3.89011e+09ns
Chip PEAK writeDynamicEnergy of Weight Update (per epoch) is: 3.58868e+08pJ

Chip PEAK total Latency (per epoch) is: 1.62862e+12ns
Chip PEAK total Energy (per epoch) is: 7.39458e+13pJ

Chip leakage Energy is: 3.46643e+10pJ
Chip leakage Power is: 292.320uW

******************** Breakdown of Latency and Dynamic Energy ********************

ADC readLatency is : 5.82031e+10ns
Accumulation Circuits readLatency is : 3.28787e+10ns
Synaptic Array readLatency is : 5.82255e+10ns
Buffer readLatency is : 3.80780e+12ns
Interconnect readLatency is : 1.34616e+11ns
Weight Gradient Calculation readLatency is : 1.39550e+12ns
Weight Update writeLatency is : 5.41968e+09ns
DRAM data transfer Latency is : 4.45036e+10ns

ADC readDynamicEnergy is : 7.60330e+12pJ
Accumulation Circuits readDynamicEnergy is : 6.56505e+11pJ
Synaptic Array readDynamicEnergy is : 1.01467e+11pJ
Buffer readDynamicEnergy is : 4.60553e+11pJ
Interconnect readDynamicEnergy is : 1.36694e+12pJ
Weight Gradient Calculation readDynamicEnergy is : 6.14921e+13pJ
Weight Update writeDynamicEnergy is : 3.82844e+08pJ
DRAM data transfer DynamicEnergy is : 1.90679e+14pJ

******************** Breakdown of Latency and Dynamic Energy ********************

----------------------------Chip layer-by-layer Performance----------------------------
Energy Efficiency TOPS/W : 296.626991
Throughput FPS : 4.7863606
Throughput TOPS : 445.553982

Peak Energy Efficiency TOPS/W : 1115.47866
Peak Throughput FPS : 55.9051174
Peak Throughput TOPS : 1533.57404

---------------------------- Hardware Performance Done ----------------------------

