
---------------------------- Summary ----------------------------

ChipArea : 4.32487e+07um^2
Chip total CIM (Forward+Activation Gradient) array : 30650um^2
Total IC Area on chip (Global and Tile/PE/Local) : 1.77586e+07um^2
Total ABC (or S/As and precharger for SRAM) area on chip : 1.59032e+07um^2
Total Accumulation Circuits (subarray level: adders, shiftadds; PE/Tile/Global level: accumulation units) on chip : 6.53584e+06um^2
Other Peripheries (e.g. decoders, mux, switchmatrix, buffers, pooling and activation units) : 7.57076e+06um^2
Weight Gradient Calculation : 8.92928e+06um^2

----------------------------Chip layer-by-layer Estimation----------------------------

Chip readLatency of Forward (per epoch) is: 6.57521e+12ns
Chip readDynamicEnergy of Forward (per epoch) is: 4.75353e+12pJ
Chip readLatency of Activation Gradient (per epoch) is: 5.43329e+11ns
Chip readDynamicEnergy of Activation Gradient (per epoch) is: 4.89770e+12pJ
Chip readLatency of Weight Gradient (per epoch) is: 5.37820e+12ns
Chip readDynamicEnergy of Weight Gradient (per epoch) is: 4.66109e+14pJ
Chip writeLatency of Weight Update (per epoch) is: 4.67543e+09ns
Chip writeDynamicEnergy of Weight Update (per epoch) is: 9.84881e+08pJ

Chip total Latency (per epoch) is: 4.68565e+12ns
Chip total Energy (per epoch) is: 2.70077e+14pJ

----------------------------Chip PEAK layer-by-layer Estimation----------------------------

Chip PEAK readLatency of Forward (per epoch) is: 5.26322e+10ns
Chip PEAK readDynamicEnergy of Forward (per epoch) is: 4.11681e+12pJ
Chip PEAK readLatency of Activation Gradient (per epoch) is: 7.69908e+10ns
Chip PEAK readDynamicEnergy of Activation Gradient (per epoch) is: 4.29459e+12pJ
Chip PEAK readLatency of Weight Gradient (per epoch) is: 4.65651e+11ns
Chip PEAK readDynamicEnergy of Weight Gradient (per epoch) is: 6.37510e+13pJ
Chip PEAK writeLatency of Weight Update (per epoch) is: 3.35591e+09ns
Chip PEAK writeDynamicEnergy of Weight Update (per epoch) is: 3.53813e+08pJ

Chip PEAK total Latency (per epoch) is: 1.40497e+12ns
Chip PEAK total Energy (per epoch) is: 7.29041e+13pJ

Chip leakage Energy is: 3.36945e+10pJ
Chip leakage Power is: 288.202uW

******************** Breakdown of Latency and Dynamic Energy ********************

ADC readLatency is : 5.02104e+10ns
Accumulation Circuits readLatency is : 2.83637e+10ns
Synaptic Array readLatency is : 5.02297e+10ns
Buffer readLatency is : 3.28490e+12ns
Interconnect readLatency is : 1.16130e+11ns
Weight Gradient Calculation readLatency is : 1.20386e+12ns
Weight Update writeLatency is : 4.67543e+09ns
DRAM data transfer Latency is : 3.83922e+10ns

ADC readDynamicEnergy is : 7.49618e+12pJ
Accumulation Circuits readDynamicEnergy is : 6.47257e+11pJ
Synaptic Array readDynamicEnergy is : 1.00037e+11pJ
Buffer readDynamicEnergy is : 4.54065e+11pJ
Interconnect readDynamicEnergy is : 1.34768e+12pJ
Weight Gradient Calculation readDynamicEnergy is : 6.06258e+13pJ
Weight Update writeDynamicEnergy is : 3.77450e+08pJ
DRAM data transfer DynamicEnergy is : 1.87993e+14pJ

******************** Breakdown of Latency and Dynamic Energy ********************

----------------------------Chip layer-by-layer Performance----------------------------
Energy Efficiency TOPS/W : 284.342508
Throughput FPS : 4.5235029
Throughput TOPS : 421.085017

Peak Energy Efficiency TOPS/W : 1069.28233
Peak Throughput FPS : 52.8349163
Peak Throughput TOPS : 1449.35312

---------------------------- Hardware Performance Done ----------------------------

