
---------------------------- Summary ----------------------------

ChipArea : 4.32487e+07um^2
Chip total CIM (Forward+Activation Gradient) array : 30650um^2
Total IC Area on chip (Global and Tile/PE/Local) : 1.77586e+07um^2
Total ABC (or S/As and precharger for SRAM) area on chip : 1.59032e+07um^2
Total Accumulation Circuits (subarray level: adders, shiftadds; PE/Tile/Global level: accumulation units) on chip : 6.53584e+06um^2
Other Peripheries (e.g. decoders, mux, switchmatrix, buffers, pooling and activation units) : 7.57076e+06um^2
Weight Gradient Calculation : 8.92928e+06um^2

----------------------------Chip layer-by-layer Estimation----------------------------

Chip readLatency of Forward (per epoch) is: 7.78972e+12ns
Chip readDynamicEnergy of Forward (per epoch) is: 4.86737e+12pJ
Chip readLatency of Activation Gradient (per epoch) is: 6.43688e+11ns
Chip readDynamicEnergy of Activation Gradient (per epoch) is: 5.01500e+12pJ
Chip readLatency of Weight Gradient (per epoch) is: 6.37161e+12ns
Chip readDynamicEnergy of Weight Gradient (per epoch) is: 4.77272e+14pJ
Chip writeLatency of Weight Update (per epoch) is: 5.53903e+09ns
Chip writeDynamicEnergy of Weight Update (per epoch) is: 1.00847e+09pJ

Chip total Latency (per epoch) is: 5.55114e+12ns
Chip total Energy (per epoch) is: 2.76545e+14pJ

----------------------------Chip PEAK layer-by-layer Estimation----------------------------

Chip PEAK readLatency of Forward (per epoch) is: 6.23539e+10ns
Chip PEAK readDynamicEnergy of Forward (per epoch) is: 4.21541e+12pJ
Chip PEAK readLatency of Activation Gradient (per epoch) is: 9.12118e+10ns
Chip PEAK readDynamicEnergy of Activation Gradient (per epoch) is: 4.39744e+12pJ
Chip PEAK readLatency of Weight Gradient (per epoch) is: 5.51662e+11ns
Chip PEAK readDynamicEnergy of Weight Gradient (per epoch) is: 6.52778e+13pJ
Chip PEAK writeLatency of Weight Update (per epoch) is: 3.97578e+09ns
Chip PEAK writeDynamicEnergy of Weight Update (per epoch) is: 3.62286e+08pJ

Chip PEAK total Latency (per epoch) is: 1.66448e+12ns
Chip PEAK total Energy (per epoch) is: 7.46501e+13pJ

Chip leakage Energy is: 3.53277e+10pJ
Chip leakage Power is: 295.104uW

******************** Breakdown of Latency and Dynamic Energy ********************

ADC readLatency is : 5.94848e+10ns
Accumulation Circuits readLatency is : 3.36028e+10ns
Synaptic Array readLatency is : 5.95077e+10ns
Buffer readLatency is : 3.89166e+12ns
Interconnect readLatency is : 1.37581e+11ns
Weight Gradient Calculation readLatency is : 1.42623e+12ns
Weight Update writeLatency is : 5.53903e+09ns
DRAM data transfer Latency is : 4.54837e+10ns

ADC readDynamicEnergy is : 7.67572e+12pJ
Accumulation Circuits readDynamicEnergy is : 6.62758e+11pJ
Synaptic Array readDynamicEnergy is : 1.02433e+11pJ
Buffer readDynamicEnergy is : 4.64940e+11pJ
Interconnect readDynamicEnergy is : 1.37996e+12pJ
Weight Gradient Calculation readDynamicEnergy is : 6.20778e+13pJ
Weight Update writeDynamicEnergy is : 3.86490e+08pJ
DRAM data transfer DynamicEnergy is : 1.92496e+14pJ

******************** Breakdown of Latency and Dynamic Energy ********************

----------------------------Chip layer-by-layer Performance----------------------------
Energy Efficiency TOPS/W : 305.402135
Throughput FPS : 4.9748944
Throughput TOPS : 463.104271

Peak Energy Efficiency TOPS/W : 1148.47797
Peak Throughput FPS : 58.1072097
Peak Throughput TOPS : 1593.98124

---------------------------- Hardware Performance Done ----------------------------

