
---------------------------- Summary ----------------------------

ChipArea : 4.32487e+07um^2
Chip total CIM (Forward+Activation Gradient) array : 30650um^2
Total IC Area on chip (Global and Tile/PE/Local) : 1.77586e+07um^2
Total ABC (or S/As and precharger for SRAM) area on chip : 1.59032e+07um^2
Total Accumulation Circuits (subarray level: adders, shiftadds; PE/Tile/Global level: accumulation units) on chip : 6.53584e+06um^2
Other Peripheries (e.g. decoders, mux, switchmatrix, buffers, pooling and activation units) : 7.57076e+06um^2
Weight Gradient Calculation : 8.92928e+06um^2

----------------------------Chip layer-by-layer Estimation----------------------------

Chip readLatency of Forward (per epoch) is: 7.95008e+12ns
Chip readDynamicEnergy of Forward (per epoch) is: 4.87117e+12pJ
Chip readLatency of Activation Gradient (per epoch) is: 6.56939e+11ns
Chip readDynamicEnergy of Activation Gradient (per epoch) is: 5.01892e+12pJ
Chip readLatency of Weight Gradient (per epoch) is: 6.50278e+12ns
Chip readDynamicEnergy of Weight Gradient (per epoch) is: 4.77644e+14pJ
Chip writeLatency of Weight Update (per epoch) is: 5.65306e+09ns
Chip writeDynamicEnergy of Weight Update (per epoch) is: 1.00926e+09pJ

Chip total Latency (per epoch) is: 5.66542e+12ns
Chip total Energy (per epoch) is: 2.76761e+14pJ

----------------------------Chip PEAK layer-by-layer Estimation----------------------------

Chip PEAK readLatency of Forward (per epoch) is: 6.36376e+10ns
Chip PEAK readDynamicEnergy of Forward (per epoch) is: 4.21870e+12pJ
Chip PEAK readLatency of Activation Gradient (per epoch) is: 9.30895e+10ns
Chip PEAK readDynamicEnergy of Activation Gradient (per epoch) is: 4.40087e+12pJ
Chip PEAK readLatency of Weight Gradient (per epoch) is: 5.63019e+11ns
Chip PEAK readDynamicEnergy of Weight Gradient (per epoch) is: 6.53287e+13pJ
Chip PEAK writeLatency of Weight Update (per epoch) is: 4.05763e+09ns
Chip PEAK writeDynamicEnergy of Weight Update (per epoch) is: 3.62569e+08pJ

Chip PEAK total Latency (per epoch) is: 1.69875e+12ns
Chip PEAK total Energy (per epoch) is: 7.47084e+13pJ

Chip leakage Energy is: 3.53829e+10pJ
Chip leakage Power is: 295.335uW

******************** Breakdown of Latency and Dynamic Energy ********************

ADC readLatency is : 6.07094e+10ns
Accumulation Circuits readLatency is : 3.42946e+10ns
Synaptic Array readLatency is : 6.07328e+10ns
Buffer readLatency is : 3.97177e+12ns
Interconnect readLatency is : 1.40413e+11ns
Weight Gradient Calculation readLatency is : 1.45559e+12ns
Weight Update writeLatency is : 5.65306e+09ns
DRAM data transfer Latency is : 4.64200e+10ns

ADC readDynamicEnergy is : 7.68171e+12pJ
Accumulation Circuits readDynamicEnergy is : 6.63275e+11pJ
Synaptic Array readDynamicEnergy is : 1.02513e+11pJ
Buffer readDynamicEnergy is : 4.65303e+11pJ
Interconnect readDynamicEnergy is : 1.38104e+12pJ
Weight Gradient Calculation readDynamicEnergy is : 6.21262e+13pJ
Weight Update writeDynamicEnergy is : 3.86792e+08pJ
DRAM data transfer DynamicEnergy is : 1.92646e+14pJ

******************** Breakdown of Latency and Dynamic Energy ********************

----------------------------Chip layer-by-layer Performance----------------------------
Energy Efficiency TOPS/W : 306.358351
Throughput FPS : 4.9943645
Throughput TOPS : 464.916701

Peak Energy Efficiency TOPS/W : 1152.07386
Peak Throughput FPS : 58.3346213
Peak Throughput TOPS : 1600.21953

---------------------------- Hardware Performance Done ----------------------------

