
---------------------------- Summary ----------------------------

ChipArea : 4.32487e+07um^2
Chip total CIM (Forward+Activation Gradient) array : 30650um^2
Total IC Area on chip (Global and Tile/PE/Local) : 1.77586e+07um^2
Total ABC (or S/As and precharger for SRAM) area on chip : 1.59032e+07um^2
Total Accumulation Circuits (subarray level: adders, shiftadds; PE/Tile/Global level: accumulation units) on chip : 6.53584e+06um^2
Other Peripheries (e.g. decoders, mux, switchmatrix, buffers, pooling and activation units) : 7.57076e+06um^2
Weight Gradient Calculation : 8.92928e+06um^2

----------------------------Chip layer-by-layer Estimation----------------------------

Chip readLatency of Forward (per epoch) is: 9.72128e+12ns
Chip readDynamicEnergy of Forward (per epoch) is: 4.97871e+12pJ
Chip readLatency of Activation Gradient (per epoch) is: 8.03299e+11ns
Chip readDynamicEnergy of Activation Gradient (per epoch) is: 5.12971e+12pJ
Chip readLatency of Weight Gradient (per epoch) is: 7.95153e+12ns
Chip readDynamicEnergy of Weight Gradient (per epoch) is: 4.88189e+14pJ
Chip writeLatency of Weight Update (per epoch) is: 6.91251e+09ns
Chip writeDynamicEnergy of Weight Update (per epoch) is: 1.03154e+09pJ

Chip total Latency (per epoch) is: 6.92761e+12ns
Chip total Energy (per epoch) is: 2.82871e+14pJ

----------------------------Chip PEAK layer-by-layer Estimation----------------------------

Chip PEAK readLatency of Forward (per epoch) is: 7.78154e+10ns
Chip PEAK readDynamicEnergy of Forward (per epoch) is: 4.31183e+12pJ
Chip PEAK readLatency of Activation Gradient (per epoch) is: 1.13829e+11ns
Chip PEAK readDynamicEnergy of Activation Gradient (per epoch) is: 4.49803e+12pJ
Chip PEAK readLatency of Weight Gradient (per epoch) is: 6.88454e+11ns
Chip PEAK readDynamicEnergy of Weight Gradient (per epoch) is: 6.67709e+13pJ
Chip PEAK writeLatency of Weight Update (per epoch) is: 4.96163e+09ns
Chip PEAK writeDynamicEnergy of Weight Update (per epoch) is: 3.70573e+08pJ

Chip PEAK total Latency (per epoch) is: 2.07721e+12ns
Chip PEAK total Energy (per epoch) is: 7.63576e+13pJ

Chip leakage Energy is: 3.69624e+10pJ
Chip leakage Power is: 301.854uW

******************** Breakdown of Latency and Dynamic Energy ********************

ADC readLatency is : 7.42348e+10ns
Accumulation Circuits readLatency is : 4.19350e+10ns
Synaptic Array readLatency is : 7.42634e+10ns
Buffer readLatency is : 4.85664e+12ns
Interconnect readLatency is : 1.71696e+11ns
Weight Gradient Calculation readLatency is : 1.77988e+12ns
Weight Update writeLatency is : 6.91251e+09ns
DRAM data transfer Latency is : 5.67620e+10ns

ADC readDynamicEnergy is : 7.85129e+12pJ
Accumulation Circuits readDynamicEnergy is : 6.77918e+11pJ
Synaptic Array readDynamicEnergy is : 1.04776e+11pJ
Buffer readDynamicEnergy is : 4.75575e+11pJ
Interconnect readDynamicEnergy is : 1.41153e+12pJ
Weight Gradient Calculation readDynamicEnergy is : 6.34977e+13pJ
Weight Update writeDynamicEnergy is : 3.95330e+08pJ
DRAM data transfer DynamicEnergy is : 1.96899e+14pJ

******************** Breakdown of Latency and Dynamic Energy ********************

----------------------------Chip layer-by-layer Performance----------------------------
Energy Efficiency TOPS/W : 328.997296
Throughput FPS : 5.4818361
Throughput TOPS : 510.294591

Peak Energy Efficiency TOPS/W : 1237.20860
Peak Throughput FPS : 64.0283338
Peak Throughput TOPS : 1756.40791

---------------------------- Hardware Performance Done ----------------------------

