
---------------------------- Summary ----------------------------

ChipArea : 4.32487e+07um^2
Chip total CIM (Forward+Activation Gradient) array : 30650um^2
Total IC Area on chip (Global and Tile/PE/Local) : 1.77586e+07um^2
Total ABC (or S/As and precharger for SRAM) area on chip : 1.59032e+07um^2
Total Accumulation Circuits (subarray level: adders, shiftadds; PE/Tile/Global level: accumulation units) on chip : 6.53584e+06um^2
Other Peripheries (e.g. decoders, mux, switchmatrix, buffers, pooling and activation units) : 7.57076e+06um^2
Weight Gradient Calculation : 8.92928e+06um^2

----------------------------Chip layer-by-layer Estimation----------------------------

Chip readLatency of Forward (per epoch) is: 7.80441e+12ns
Chip readDynamicEnergy of Forward (per epoch) is: 4.85443e+12pJ
Chip readLatency of Activation Gradient (per epoch) is: 6.44902e+11ns
Chip readDynamicEnergy of Activation Gradient (per epoch) is: 5.00167e+12pJ
Chip readLatency of Weight Gradient (per epoch) is: 6.38363e+12ns
Chip readDynamicEnergy of Weight Gradient (per epoch) is: 4.76003e+14pJ
Chip writeLatency of Weight Update (per epoch) is: 5.54948e+09ns
Chip writeDynamicEnergy of Weight Update (per epoch) is: 1.00579e+09pJ

Chip total Latency (per epoch) is: 5.56161e+12ns
Chip total Energy (per epoch) is: 2.75810e+14pJ

----------------------------Chip PEAK layer-by-layer Estimation----------------------------

Chip PEAK readLatency of Forward (per epoch) is: 6.24715e+10ns
Chip PEAK readDynamicEnergy of Forward (per epoch) is: 4.20420e+12pJ
Chip PEAK readLatency of Activation Gradient (per epoch) is: 9.13838e+10ns
Chip PEAK readDynamicEnergy of Activation Gradient (per epoch) is: 4.38575e+12pJ
Chip PEAK readLatency of Weight Gradient (per epoch) is: 5.52703e+11ns
Chip PEAK readDynamicEnergy of Weight Gradient (per epoch) is: 6.51042e+13pJ
Chip PEAK writeLatency of Weight Update (per epoch) is: 3.98328e+09ns
Chip PEAK writeDynamicEnergy of Weight Update (per epoch) is: 3.61323e+08pJ

Chip PEAK total Latency (per epoch) is: 1.66762e+12ns
Chip PEAK total Energy (per epoch) is: 7.44516e+13pJ

Chip leakage Energy is: 3.51401e+10pJ
Chip leakage Power is: 294.320uW

******************** Breakdown of Latency and Dynamic Energy ********************

ADC readLatency is : 5.95970e+10ns
Accumulation Circuits readLatency is : 3.36662e+10ns
Synaptic Array readLatency is : 5.96199e+10ns
Buffer readLatency is : 3.89900e+12ns
Interconnect readLatency is : 1.37840e+11ns
Weight Gradient Calculation readLatency is : 1.42892e+12ns
Weight Update writeLatency is : 5.54948e+09ns
DRAM data transfer Latency is : 4.55695e+10ns

ADC readDynamicEnergy is : 7.65531e+12pJ
Accumulation Circuits readDynamicEnergy is : 6.60996e+11pJ
Synaptic Array readDynamicEnergy is : 1.02161e+11pJ
Buffer readDynamicEnergy is : 4.63704e+11pJ
Interconnect readDynamicEnergy is : 1.37629e+12pJ
Weight Gradient Calculation readDynamicEnergy is : 6.19127e+13pJ
Weight Update writeDynamicEnergy is : 3.85462e+08pJ
DRAM data transfer DynamicEnergy is : 1.91984e+14pJ

******************** Breakdown of Latency and Dynamic Energy ********************

----------------------------Chip layer-by-layer Performance----------------------------
Energy Efficiency TOPS/W : 303.082100
Throughput FPS : 4.9239742
Throughput TOPS : 458.364199

Peak Energy Efficiency TOPS/W : 1139.75338
Peak Throughput FPS : 57.5124574
Peak Throughput TOPS : 1577.66616

---------------------------- Hardware Performance Done ----------------------------

