
---------------------------- Summary ----------------------------

ChipArea : 4.32487e+07um^2
Chip total CIM (Forward+Activation Gradient) array : 30650um^2
Total IC Area on chip (Global and Tile/PE/Local) : 1.77586e+07um^2
Total ABC (or S/As and precharger for SRAM) area on chip : 1.59032e+07um^2
Total Accumulation Circuits (subarray level: adders, shiftadds; PE/Tile/Global level: accumulation units) on chip : 6.53584e+06um^2
Other Peripheries (e.g. decoders, mux, switchmatrix, buffers, pooling and activation units) : 7.57076e+06um^2
Weight Gradient Calculation : 8.92928e+06um^2

----------------------------Chip layer-by-layer Estimation----------------------------

Chip readLatency of Forward (per epoch) is: 8.17954e+12ns
Chip readDynamicEnergy of Forward (per epoch) is: 4.86270e+12pJ
Chip readLatency of Activation Gradient (per epoch) is: 6.75900e+11ns
Chip readDynamicEnergy of Activation Gradient (per epoch) is: 5.01019e+12pJ
Chip readLatency of Weight Gradient (per epoch) is: 6.69046e+12ns
Chip readDynamicEnergy of Weight Gradient (per epoch) is: 4.76814e+14pJ
Chip writeLatency of Weight Update (per epoch) is: 5.81622e+09ns
Chip writeDynamicEnergy of Weight Update (per epoch) is: 1.00750e+09pJ

Chip total Latency (per epoch) is: 5.82893e+12ns
Chip total Energy (per epoch) is: 2.76280e+14pJ

----------------------------Chip PEAK layer-by-layer Estimation----------------------------

Chip PEAK readLatency of Forward (per epoch) is: 6.54743e+10ns
Chip PEAK readDynamicEnergy of Forward (per epoch) is: 4.21136e+12pJ
Chip PEAK readLatency of Activation Gradient (per epoch) is: 9.57763e+10ns
Chip PEAK readDynamicEnergy of Activation Gradient (per epoch) is: 4.39322e+12pJ
Chip PEAK readLatency of Weight Gradient (per epoch) is: 5.79269e+11ns
Chip PEAK readDynamicEnergy of Weight Gradient (per epoch) is: 6.52151e+13pJ
Chip PEAK writeLatency of Weight Update (per epoch) is: 4.17474e+09ns
Chip PEAK writeDynamicEnergy of Weight Update (per epoch) is: 3.61939e+08pJ

Chip PEAK total Latency (per epoch) is: 1.74778e+12ns
Chip PEAK total Energy (per epoch) is: 7.45785e+13pJ

Chip leakage Energy is: 3.52600e+10pJ
Chip leakage Power is: 294.821uW

******************** Breakdown of Latency and Dynamic Energy ********************

ADC readLatency is : 6.24616e+10ns
Accumulation Circuits readLatency is : 3.52844e+10ns
Synaptic Array readLatency is : 6.24856e+10ns
Buffer readLatency is : 4.08641e+12ns
Interconnect readLatency is : 1.44466e+11ns
Weight Gradient Calculation readLatency is : 1.49760e+12ns
Weight Update writeLatency is : 5.81622e+09ns
DRAM data transfer Latency is : 4.77598e+10ns

ADC readDynamicEnergy is : 7.66835e+12pJ
Accumulation Circuits readDynamicEnergy is : 6.62122e+11pJ
Synaptic Array readDynamicEnergy is : 1.02335e+11pJ
Buffer readDynamicEnergy is : 4.64494e+11pJ
Interconnect readDynamicEnergy is : 1.37864e+12pJ
Weight Gradient Calculation readDynamicEnergy is : 6.20182e+13pJ
Weight Update writeDynamicEnergy is : 3.86119e+08pJ
DRAM data transfer DynamicEnergy is : 1.92311e+14pJ

******************** Breakdown of Latency and Dynamic Energy ********************

----------------------------Chip layer-by-layer Performance----------------------------
Energy Efficiency TOPS/W : 304.279612
Throughput FPS : 4.9518513
Throughput TOPS : 460.959224

Peak Energy Efficiency TOPS/W : 1144.25667
Peak Throughput FPS : 57.8380637
Peak Throughput TOPS : 1586.59810

---------------------------- Hardware Performance Done ----------------------------

