
---------------------------- Summary ----------------------------

ChipArea : 4.32487e+07um^2
Chip total CIM (Forward+Activation Gradient) array : 30650um^2
Total IC Area on chip (Global and Tile/PE/Local) : 1.77586e+07um^2
Total ABC (or S/As and precharger for SRAM) area on chip : 1.59032e+07um^2
Total Accumulation Circuits (subarray level: adders, shiftadds; PE/Tile/Global level: accumulation units) on chip : 6.53584e+06um^2
Other Peripheries (e.g. decoders, mux, switchmatrix, buffers, pooling and activation units) : 7.57076e+06um^2
Weight Gradient Calculation : 8.92928e+06um^2

----------------------------Chip layer-by-layer Estimation----------------------------

Chip readLatency of Forward (per epoch) is: 6.41796e+12ns
Chip readDynamicEnergy of Forward (per epoch) is: 4.73167e+12pJ
Chip readLatency of Activation Gradient (per epoch) is: 5.30335e+11ns
Chip readDynamicEnergy of Activation Gradient (per epoch) is: 4.87519e+12pJ
Chip readLatency of Weight Gradient (per epoch) is: 5.24958e+12ns
Chip readDynamicEnergy of Weight Gradient (per epoch) is: 4.63965e+14pJ
Chip writeLatency of Weight Update (per epoch) is: 4.56362e+09ns
Chip writeDynamicEnergy of Weight Update (per epoch) is: 9.80352e+08pJ

Chip total Latency (per epoch) is: 4.57359e+12ns
Chip total Energy (per epoch) is: 2.68835e+14pJ

----------------------------Chip PEAK layer-by-layer Estimation----------------------------

Chip PEAK readLatency of Forward (per epoch) is: 5.13735e+10ns
Chip PEAK readDynamicEnergy of Forward (per epoch) is: 4.09788e+12pJ
Chip PEAK readLatency of Activation Gradient (per epoch) is: 7.51495e+10ns
Chip PEAK readDynamicEnergy of Activation Gradient (per epoch) is: 4.27484e+12pJ
Chip PEAK readLatency of Weight Gradient (per epoch) is: 4.54515e+11ns
Chip PEAK readDynamicEnergy of Weight Gradient (per epoch) is: 6.34578e+13pJ
Chip PEAK writeLatency of Weight Update (per epoch) is: 3.27565e+09ns
Chip PEAK writeDynamicEnergy of Weight Update (per epoch) is: 3.52186e+08pJ

Chip PEAK total Latency (per epoch) is: 1.37137e+12ns
Chip PEAK total Energy (per epoch) is: 7.25689e+13pJ

Chip leakage Energy is: 3.33853e+10pJ
Chip leakage Power is: 286.877uW

******************** Breakdown of Latency and Dynamic Energy ********************

ADC readLatency is : 4.90096e+10ns
Accumulation Circuits readLatency is : 2.76854e+10ns
Synaptic Array readLatency is : 4.90285e+10ns
Buffer readLatency is : 3.20634e+12ns
Interconnect readLatency is : 1.13353e+11ns
Weight Gradient Calculation readLatency is : 1.17507e+12ns
Weight Update writeLatency is : 4.56362e+09ns
DRAM data transfer Latency is : 3.74741e+10ns

ADC readDynamicEnergy is : 7.46172e+12pJ
Accumulation Circuits readDynamicEnergy is : 6.44281e+11pJ
Synaptic Array readDynamicEnergy is : 9.95772e+10pJ
Buffer readDynamicEnergy is : 4.51978e+11pJ
Interconnect readDynamicEnergy is : 1.34149e+12pJ
Weight Gradient Calculation readDynamicEnergy is : 6.03471e+13pJ
Weight Update writeDynamicEnergy is : 3.75715e+08pJ
DRAM data transfer DynamicEnergy is : 1.87129e+14pJ

******************** Breakdown of Latency and Dynamic Energy ********************

----------------------------Chip layer-by-layer Performance----------------------------
Energy Efficiency TOPS/W : 280.661147
Throughput FPS : 4.4444089
Throughput TOPS : 413.722294

Peak Energy Efficiency TOPS/W : 1055.43841
Peak Throughput FPS : 51.9110913
Peak Throughput TOPS : 1424.01100

---------------------------- Hardware Performance Done ----------------------------

