
---------------------------- Summary ----------------------------

ChipArea : 4.32487e+07um^2
Chip total CIM (Forward+Activation Gradient) array : 30650um^2
Total IC Area on chip (Global and Tile/PE/Local) : 1.77586e+07um^2
Total ABC (or S/As and precharger for SRAM) area on chip : 1.59032e+07um^2
Total Accumulation Circuits (subarray level: adders, shiftadds; PE/Tile/Global level: accumulation units) on chip : 6.53584e+06um^2
Other Peripheries (e.g. decoders, mux, switchmatrix, buffers, pooling and activation units) : 7.57076e+06um^2
Weight Gradient Calculation : 8.92928e+06um^2

----------------------------Chip layer-by-layer Estimation----------------------------

Chip readLatency of Forward (per epoch) is: 7.90876e+12ns
Chip readDynamicEnergy of Forward (per epoch) is: 4.84127e+12pJ
Chip readLatency of Activation Gradient (per epoch) is: 6.53525e+11ns
Chip readDynamicEnergy of Activation Gradient (per epoch) is: 4.98811e+12pJ
Chip readLatency of Weight Gradient (per epoch) is: 6.46898e+12ns
Chip readDynamicEnergy of Weight Gradient (per epoch) is: 4.74712e+14pJ
Chip writeLatency of Weight Update (per epoch) is: 5.62368e+09ns
Chip writeDynamicEnergy of Weight Update (per epoch) is: 1.00306e+09pJ

Chip total Latency (per epoch) is: 5.63597e+12ns
Chip total Energy (per epoch) is: 2.75062e+14pJ

----------------------------Chip PEAK layer-by-layer Estimation----------------------------

Chip PEAK readLatency of Forward (per epoch) is: 6.33068e+10ns
Chip PEAK readDynamicEnergy of Forward (per epoch) is: 4.19280e+12pJ
Chip PEAK readLatency of Activation Gradient (per epoch) is: 9.26057e+10ns
Chip PEAK readDynamicEnergy of Activation Gradient (per epoch) is: 4.37386e+12pJ
Chip PEAK readLatency of Weight Gradient (per epoch) is: 5.60093e+11ns
Chip PEAK readDynamicEnergy of Weight Gradient (per epoch) is: 6.49277e+13pJ
Chip PEAK writeLatency of Weight Update (per epoch) is: 4.03654e+09ns
Chip PEAK writeDynamicEnergy of Weight Update (per epoch) is: 3.60344e+08pJ

Chip PEAK total Latency (per epoch) is: 1.68992e+12ns
Chip PEAK total Energy (per epoch) is: 7.42498e+13pJ

Chip leakage Energy is: 3.49499e+10pJ
Chip leakage Power is: 293.522uW

******************** Breakdown of Latency and Dynamic Energy ********************

ADC readLatency is : 6.03939e+10ns
Accumulation Circuits readLatency is : 3.41163e+10ns
Synaptic Array readLatency is : 6.04171e+10ns
Buffer readLatency is : 3.95113e+12ns
Interconnect readLatency is : 1.39683e+11ns
Weight Gradient Calculation readLatency is : 1.44802e+12ns
Weight Update writeLatency is : 5.62368e+09ns
DRAM data transfer Latency is : 4.61788e+10ns

ADC readDynamicEnergy is : 7.63455e+12pJ
Accumulation Circuits readDynamicEnergy is : 6.59204e+11pJ
Synaptic Array readDynamicEnergy is : 1.01884e+11pJ
Buffer readDynamicEnergy is : 4.62447e+11pJ
Interconnect readDynamicEnergy is : 1.37256e+12pJ
Weight Gradient Calculation readDynamicEnergy is : 6.17449e+13pJ
Weight Update writeDynamicEnergy is : 3.84418e+08pJ
DRAM data transfer DynamicEnergy is : 1.91463e+14pJ

******************** Breakdown of Latency and Dynamic Energy ********************

----------------------------Chip layer-by-layer Performance----------------------------
Energy Efficiency TOPS/W : 300.351920
Throughput FPS : 4.8663906
Throughput TOPS : 453.003841

Peak Energy Efficiency TOPS/W : 1129.48642
Peak Throughput FPS : 56.8398757
Peak Throughput TOPS : 1559.21608

---------------------------- Hardware Performance Done ----------------------------

