
---------------------------- Summary ----------------------------

ChipArea : 4.32487e+07um^2
Chip total CIM (Forward+Activation Gradient) array : 30650um^2
Total IC Area on chip (Global and Tile/PE/Local) : 1.77586e+07um^2
Total ABC (or S/As and precharger for SRAM) area on chip : 1.59032e+07um^2
Total Accumulation Circuits (subarray level: adders, shiftadds; PE/Tile/Global level: accumulation units) on chip : 6.53584e+06um^2
Other Peripheries (e.g. decoders, mux, switchmatrix, buffers, pooling and activation units) : 7.57076e+06um^2
Weight Gradient Calculation : 8.92928e+06um^2

----------------------------Chip layer-by-layer Estimation----------------------------

Chip readLatency of Forward (per epoch) is: 6.78550e+12ns
Chip readDynamicEnergy of Forward (per epoch) is: 4.77057e+12pJ
Chip readLatency of Activation Gradient (per epoch) is: 5.60706e+11ns
Chip readDynamicEnergy of Activation Gradient (per epoch) is: 4.91526e+12pJ
Chip readLatency of Weight Gradient (per epoch) is: 5.55021e+12ns
Chip readDynamicEnergy of Weight Gradient (per epoch) is: 4.67779e+14pJ
Chip writeLatency of Weight Update (per epoch) is: 4.82496e+09ns
Chip writeDynamicEnergy of Weight Update (per epoch) is: 9.88411e+08pJ

Chip total Latency (per epoch) is: 4.83551e+12ns
Chip total Energy (per epoch) is: 2.71045e+14pJ

----------------------------Chip PEAK layer-by-layer Estimation----------------------------

Chip PEAK readLatency of Forward (per epoch) is: 5.43155e+10ns
Chip PEAK readDynamicEnergy of Forward (per epoch) is: 4.13157e+12pJ
Chip PEAK readLatency of Activation Gradient (per epoch) is: 7.94532e+10ns
Chip PEAK readDynamicEnergy of Activation Gradient (per epoch) is: 4.30998e+12pJ
Chip PEAK readLatency of Weight Gradient (per epoch) is: 4.80544e+11ns
Chip PEAK readDynamicEnergy of Weight Gradient (per epoch) is: 6.39795e+13pJ
Chip PEAK writeLatency of Weight Update (per epoch) is: 3.46324e+09ns
Chip PEAK writeDynamicEnergy of Weight Update (per epoch) is: 3.55081e+08pJ

Chip PEAK total Latency (per epoch) is: 1.44990e+12ns
Chip PEAK total Energy (per epoch) is: 7.31654e+13pJ

Chip leakage Energy is: 3.39365e+10pJ
Chip leakage Power is: 289.235uW

******************** Breakdown of Latency and Dynamic Energy ********************

ADC readLatency is : 5.18163e+10ns
Accumulation Circuits readLatency is : 2.92709e+10ns
Synaptic Array readLatency is : 5.18362e+10ns
Buffer readLatency is : 3.38996e+12ns
Interconnect readLatency is : 1.19844e+11ns
Weight Gradient Calculation readLatency is : 1.24236e+12ns
Weight Update writeLatency is : 4.82496e+09ns
DRAM data transfer Latency is : 3.96201e+10ns

ADC readDynamicEnergy is : 7.52306e+12pJ
Accumulation Circuits readDynamicEnergy is : 6.49577e+11pJ
Synaptic Array readDynamicEnergy is : 1.00396e+11pJ
Buffer readDynamicEnergy is : 4.55693e+11pJ
Interconnect readDynamicEnergy is : 1.35252e+12pJ
Weight Gradient Calculation readDynamicEnergy is : 6.08431e+13pJ
Weight Update writeDynamicEnergy is : 3.78803e+08pJ
DRAM data transfer DynamicEnergy is : 1.88667e+14pJ

******************** Breakdown of Latency and Dynamic Energy ********************

----------------------------Chip layer-by-layer Performance----------------------------
Energy Efficiency TOPS/W : 287.280559
Throughput FPS : 4.5866269
Throughput TOPS : 426.961118

Peak Energy Efficiency TOPS/W : 1080.33100
Peak Throughput FPS : 53.5722100
Peak Throughput TOPS : 1469.57836

---------------------------- Hardware Performance Done ----------------------------

