
---------------------------- Summary ----------------------------

ChipArea : 4.32487e+07um^2
Chip total CIM (Forward+Activation Gradient) array : 30650um^2
Total IC Area on chip (Global and Tile/PE/Local) : 1.77586e+07um^2
Total ABC (or S/As and precharger for SRAM) area on chip : 1.59032e+07um^2
Total Accumulation Circuits (subarray level: adders, shiftadds; PE/Tile/Global level: accumulation units) on chip : 6.53584e+06um^2
Other Peripheries (e.g. decoders, mux, switchmatrix, buffers, pooling and activation units) : 7.57076e+06um^2
Weight Gradient Calculation : 8.92928e+06um^2

----------------------------Chip layer-by-layer Estimation----------------------------

Chip readLatency of Forward (per epoch) is: 7.78605e+12ns
Chip readDynamicEnergy of Forward (per epoch) is: 4.86713e+12pJ
Chip readLatency of Activation Gradient (per epoch) is: 6.43385e+11ns
Chip readDynamicEnergy of Activation Gradient (per epoch) is: 5.01476e+12pJ
Chip readLatency of Weight Gradient (per epoch) is: 6.36861e+12ns
Chip readDynamicEnergy of Weight Gradient (per epoch) is: 4.77248e+14pJ
Chip writeLatency of Weight Update (per epoch) is: 5.53643e+09ns
Chip writeDynamicEnergy of Weight Update (per epoch) is: 1.00842e+09pJ

Chip total Latency (per epoch) is: 5.54852e+12ns
Chip total Energy (per epoch) is: 2.76532e+14pJ

----------------------------Chip PEAK layer-by-layer Estimation----------------------------

Chip PEAK readLatency of Forward (per epoch) is: 6.23246e+10ns
Chip PEAK readDynamicEnergy of Forward (per epoch) is: 4.21520e+12pJ
Chip PEAK readLatency of Activation Gradient (per epoch) is: 9.11689e+10ns
Chip PEAK readDynamicEnergy of Activation Gradient (per epoch) is: 4.39723e+12pJ
Chip PEAK readLatency of Weight Gradient (per epoch) is: 5.51402e+11ns
Chip PEAK readDynamicEnergy of Weight Gradient (per epoch) is: 6.52746e+13pJ
Chip PEAK writeLatency of Weight Update (per epoch) is: 3.97391e+09ns
Chip PEAK writeDynamicEnergy of Weight Update (per epoch) is: 3.62268e+08pJ

Chip PEAK total Latency (per epoch) is: 1.66370e+12ns
Chip PEAK total Energy (per epoch) is: 7.46464e+13pJ

Chip leakage Energy is: 3.53242e+10pJ
Chip leakage Power is: 295.090uW

******************** Breakdown of Latency and Dynamic Energy ********************

ADC readLatency is : 5.94568e+10ns
Accumulation Circuits readLatency is : 3.35870e+10ns
Synaptic Array readLatency is : 5.94797e+10ns
Buffer readLatency is : 3.88982e+12ns
Interconnect readLatency is : 1.37516e+11ns
Weight Gradient Calculation readLatency is : 1.42556e+12ns
Weight Update writeLatency is : 5.53643e+09ns
DRAM data transfer Latency is : 4.54623e+10ns

ADC readDynamicEnergy is : 7.67534e+12pJ
Accumulation Circuits readDynamicEnergy is : 6.62726e+11pJ
Synaptic Array readDynamicEnergy is : 1.02428e+11pJ
Buffer readDynamicEnergy is : 4.64917e+11pJ
Interconnect readDynamicEnergy is : 1.37989e+12pJ
Weight Gradient Calculation readDynamicEnergy is : 6.20747e+13pJ
Weight Update writeDynamicEnergy is : 3.86471e+08pJ
DRAM data transfer DynamicEnergy is : 1.92486e+14pJ

******************** Breakdown of Latency and Dynamic Energy ********************

----------------------------Chip layer-by-layer Performance----------------------------
Energy Efficiency TOPS/W : 305.354749
Throughput FPS : 4.9738763
Throughput TOPS : 463.009498

Peak Energy Efficiency TOPS/W : 1148.29977
Peak Throughput FPS : 58.0953182
Peak Throughput TOPS : 1593.65504

---------------------------- Hardware Performance Done ----------------------------

