
---------------------------- Summary ----------------------------

ChipArea : 4.32487e+07um^2
Chip total CIM (Forward+Activation Gradient) array : 30650um^2
Total IC Area on chip (Global and Tile/PE/Local) : 1.77586e+07um^2
Total ABC (or S/As and precharger for SRAM) area on chip : 1.59032e+07um^2
Total Accumulation Circuits (subarray level: adders, shiftadds; PE/Tile/Global level: accumulation units) on chip : 6.53584e+06um^2
Other Peripheries (e.g. decoders, mux, switchmatrix, buffers, pooling and activation units) : 7.57076e+06um^2
Weight Gradient Calculation : 8.92928e+06um^2

----------------------------Chip layer-by-layer Estimation----------------------------

Chip readLatency of Forward (per epoch) is: 7.79709e+12ns
Chip readDynamicEnergy of Forward (per epoch) is: 4.86116e+12pJ
Chip readLatency of Activation Gradient (per epoch) is: 6.44297e+11ns
Chip readDynamicEnergy of Activation Gradient (per epoch) is: 5.00860e+12pJ
Chip readLatency of Weight Gradient (per epoch) is: 6.37763e+12ns
Chip readDynamicEnergy of Weight Gradient (per epoch) is: 4.76663e+14pJ
Chip writeLatency of Weight Update (per epoch) is: 5.54427e+09ns
Chip writeDynamicEnergy of Weight Update (per epoch) is: 1.00718e+09pJ

Chip total Latency (per epoch) is: 5.55639e+12ns
Chip total Energy (per epoch) is: 2.76192e+14pJ

----------------------------Chip PEAK layer-by-layer Estimation----------------------------

Chip PEAK readLatency of Forward (per epoch) is: 6.24129e+10ns
Chip PEAK readDynamicEnergy of Forward (per epoch) is: 4.21003e+12pJ
Chip PEAK readLatency of Activation Gradient (per epoch) is: 9.12981e+10ns
Chip PEAK readDynamicEnergy of Activation Gradient (per epoch) is: 4.39183e+12pJ
Chip PEAK readLatency of Weight Gradient (per epoch) is: 5.52184e+11ns
Chip PEAK readDynamicEnergy of Weight Gradient (per epoch) is: 6.51945e+13pJ
Chip PEAK writeLatency of Weight Update (per epoch) is: 3.97954e+09ns
Chip PEAK writeDynamicEnergy of Weight Update (per epoch) is: 3.61824e+08pJ

Chip PEAK total Latency (per epoch) is: 1.66606e+12ns
Chip PEAK total Energy (per epoch) is: 7.45548e+13pJ

Chip leakage Energy is: 3.52376e+10pJ
Chip leakage Power is: 294.728uW

******************** Breakdown of Latency and Dynamic Energy ********************

ADC readLatency is : 5.95411e+10ns
Accumulation Circuits readLatency is : 3.36346e+10ns
Synaptic Array readLatency is : 5.95640e+10ns
Buffer readLatency is : 3.89534e+12ns
Interconnect readLatency is : 1.37711e+11ns
Weight Gradient Calculation readLatency is : 1.42758e+12ns
Weight Update writeLatency is : 5.54427e+09ns
DRAM data transfer Latency is : 4.55267e+10ns

ADC readDynamicEnergy is : 7.66592e+12pJ
Accumulation Circuits readDynamicEnergy is : 6.61912e+11pJ
Synaptic Array readDynamicEnergy is : 1.02302e+11pJ
Buffer readDynamicEnergy is : 4.64347e+11pJ
Interconnect readDynamicEnergy is : 1.37820e+12pJ
Weight Gradient Calculation readDynamicEnergy is : 6.19986e+13pJ
Weight Update writeDynamicEnergy is : 3.85997e+08pJ
DRAM data transfer DynamicEnergy is : 1.92250e+14pJ

******************** Breakdown of Latency and Dynamic Energy ********************

----------------------------Chip layer-by-layer Performance----------------------------
Energy Efficiency TOPS/W : 304.390855
Throughput FPS : 4.9520928
Throughput TOPS : 460.981711

Peak Energy Efficiency TOPS/W : 1144.67501
Peak Throughput FPS : 57.8408851
Peak Throughput TOPS : 1586.67550

---------------------------- Hardware Performance Done ----------------------------

