
---------------------------- Summary ----------------------------

ChipArea : 4.32487e+07um^2
Chip total CIM (Forward+Activation Gradient) array : 30650um^2
Total IC Area on chip (Global and Tile/PE/Local) : 1.77586e+07um^2
Total ABC (or S/As and precharger for SRAM) area on chip : 1.59032e+07um^2
Total Accumulation Circuits (subarray level: adders, shiftadds; PE/Tile/Global level: accumulation units) on chip : 6.53584e+06um^2
Other Peripheries (e.g. decoders, mux, switchmatrix, buffers, pooling and activation units) : 7.57076e+06um^2
Weight Gradient Calculation : 8.92928e+06um^2

----------------------------Chip layer-by-layer Estimation----------------------------

Chip readLatency of Forward (per epoch) is: 8.61260e+12ns
Chip readDynamicEnergy of Forward (per epoch) is: 4.89694e+12pJ
Chip readLatency of Activation Gradient (per epoch) is: 7.11685e+11ns
Chip readDynamicEnergy of Activation Gradient (per epoch) is: 5.04547e+12pJ
Chip readLatency of Weight Gradient (per epoch) is: 7.04469e+12ns
Chip readDynamicEnergy of Weight Gradient (per epoch) is: 4.80171e+14pJ
Chip writeLatency of Weight Update (per epoch) is: 6.12416e+09ns
Chip writeDynamicEnergy of Weight Update (per epoch) is: 1.01459e+09pJ

Chip total Latency (per epoch) is: 6.13755e+12ns
Chip total Energy (per epoch) is: 2.78225e+14pJ

----------------------------Chip PEAK layer-by-layer Estimation----------------------------

Chip PEAK readLatency of Forward (per epoch) is: 6.89408e+10ns
Chip PEAK readDynamicEnergy of Forward (per epoch) is: 4.24102e+12pJ
Chip PEAK readLatency of Activation Gradient (per epoch) is: 1.00847e+11ns
Chip PEAK readDynamicEnergy of Activation Gradient (per epoch) is: 4.42416e+12pJ
Chip PEAK readLatency of Weight Gradient (per epoch) is: 6.09938e+11ns
Chip PEAK readDynamicEnergy of Weight Gradient (per epoch) is: 6.56743e+13pJ
Chip PEAK writeLatency of Weight Update (per epoch) is: 4.39577e+09ns
Chip PEAK writeDynamicEnergy of Weight Update (per epoch) is: 3.64487e+08pJ

Chip PEAK total Latency (per epoch) is: 1.84031e+12ns
Chip PEAK total Energy (per epoch) is: 7.51036e+13pJ

Chip leakage Energy is: 3.57583e+10pJ
Chip leakage Power is: 296.897uW

******************** Breakdown of Latency and Dynamic Energy ********************

ADC readLatency is : 6.57686e+10ns
Accumulation Circuits readLatency is : 3.71525e+10ns
Synaptic Array readLatency is : 6.57939e+10ns
Buffer readLatency is : 4.30276e+12ns
Interconnect readLatency is : 1.52114e+11ns
Weight Gradient Calculation readLatency is : 1.57689e+12ns
Weight Update writeLatency is : 6.12416e+09ns
DRAM data transfer Latency is : 5.02885e+10ns

ADC readDynamicEnergy is : 7.72235e+12pJ
Accumulation Circuits readDynamicEnergy is : 6.66784e+11pJ
Synaptic Array readDynamicEnergy is : 1.03055e+11pJ
Buffer readDynamicEnergy is : 4.67764e+11pJ
Interconnect readDynamicEnergy is : 1.38834e+12pJ
Weight Gradient Calculation readDynamicEnergy is : 6.24549e+13pJ
Weight Update writeDynamicEnergy is : 3.88838e+08pJ
DRAM data transfer DynamicEnergy is : 1.93665e+14pJ

******************** Breakdown of Latency and Dynamic Energy ********************

----------------------------Chip layer-by-layer Performance----------------------------
Energy Efficiency TOPS/W : 311.121429
Throughput FPS : 5.0988476
Throughput TOPS : 474.642858

Peak Energy Efficiency TOPS/W : 1169.98562
Peak Throughput FPS : 59.5549941
Peak Throughput TOPS : 1633.69647

---------------------------- Hardware Performance Done ----------------------------

