Training log for Yeast dataset
Epoch, Loss, Accuracy
1, 4.563241719221714732, 57.4352
2, 4.532488573102416041, 49.4297
3, 4.427967984032670223, 54.1352
4, 4.387709452621630923, 59.4697
5, 4.091560221709694467, 55.8597
6, 4.116960414153935766, 57.1460
7, 4.320593688545844024, 53.9714
8, 3.856542263511289814, 57.9456
9, 3.726083490909525509, 61.6563
10, 3.790299793893185054, 63.5113
11, 3.667256636846369933, 59.3556
12, 3.579476399379777352, 58.1768
13, 3.638291311923711913, 65.1503
14, 3.193491221113212042, 62.3162
15, 3.246588227082714884, 65.1080
16, 3.185996427585506829, 60.7507
17, 2.925381026664601425, 63.7892
18, 2.969848603569622103, 62.4085
19, 2.966466151273575491, 65.9036
20, 2.709683093046971969, 65.7249
21, 2.741216467018417813, 72.4769
22, 2.710176130133302053, 68.2713
23, 2.800735089626994689, 68.2624
24, 2.654713450227607741, 68.2616
25, 2.518574977003675386, 71.1329
26, 2.485548395858298676, 68.3268
27, 2.356962669564932611, 70.8189
28, 2.293645407945180015, 71.0262
29, 2.234848157791980761, 77.2937
30, 2.089182591392034105, 75.1765
31, 1.965868566588818922, 77.6205
32, 2.078289530385472705, 72.2930
33, 2.104772695493189349, 73.2842
34, 1.883283722212165223, 77.7150
35, 1.622590879667389574, 80.4575
36, 1.954139279314131228, 73.8641
37, 1.798109147992669188, 80.7844
38, 1.760569479256284486, 75.0227
39, 1.697290949508916125, 80.4596
40, 1.747480713651875295, 75.8842
41, 1.760841304364493043, 77.6146
42, 1.577002019757470563, 77.3528
43, 1.553418869084829179, 77.8603
44, 1.694299790529894656, 77.5538
45, 1.531362143178919277, 80.7051
46, 1.349583805738349129, 77.4383
47, 1.256260791543150956, 83.0394
48, 1.555068368139173707, 78.8486
49, 1.183933635694199404, 78.8664
50, 1.344519670614424900, 81.2343
51, 1.202274197068623929, 80.0316
52, 1.223802987526149133, 84.2812
53, 1.285324399103285442, 79.0120
54, 1.012072177893065916, 80.1203
55, 1.103908720591649129, 83.8394
56, 1.208398552521629199, 80.4515
57, 1.122879387835546083, 85.2188
58, 1.187491460667543075, 83.0895
59, 0.947485140722347352, 82.6701
60, 0.966162960549280969, 80.2780
61, 0.942826332544620893, 83.3908
62, 0.937337075399458541, 86.3257
63, 0.870541833740384630, 82.7673
64, 0.849860635564134936, 83.2954
65, 0.822753029195014585, 86.0043
66, 0.840949423387725048, 85.4540
67, 0.832065719835392126, 84.2424
68, 0.763836937170413566, 82.8943
69, 0.776233609094648003, 85.6695
70, 0.859637004139030436, 85.2857
71, 0.655396332145201543, 84.6970
72, 0.775843825339186277, 85.6237
73, 0.710824835727351223, 84.2711
74, 0.649701518055060268, 86.4249
75, 0.658290629110090286, 83.4047
76, 0.586526876599015035, 85.1820
77, 0.616345740408363318, 86.5404
78, 0.497614839718099777, 88.0763
79, 0.594178902895984407, 86.3430
80, 0.573032522765080876, 87.4195
81, 0.636112251843331977, 87.2464
82, 0.536292593475872104, 86.2037
83, 0.505954807846002219, 85.3384
84, 0.487882590189962884, 89.7099
85, 0.456580148466973146, 86.2363
86, 0.562369634959560827, 86.3407
87, 0.498730675232488707, 86.3432
88, 0.503284135241889641, 89.0656
89, 0.525021594292426008, 86.0312
90, 0.434084527892061145, 86.4162
91, 0.431550530675446686, 89.7751
92, 0.448473912711604472, 90.0340
93, 0.435567605241460210, 89.0782
94, 0.379754097621944897, 89.9427
95, 0.405121833304149526, 88.2675
96, 0.386110629238078762, 87.1972
97, 0.405162208332762841, 90.5341
98, 0.313884102705265733, 90.6599
99, 0.426262842277994713, 87.2130
100, 0.342340861901691884, 87.7921
101, 0.348901483799012757, 89.4818
102, 0.349809811890297195, 88.8897
103, 0.351262640069807008, 89.7607
104, 0.343334663254361849, 87.4469
105, 0.353811435132004137, 89.4912
106, 0.332184389107658795, 89.5643
107, 0.399707152115022391, 91.3045
108, 0.328963579481247936, 88.6699
109, 0.340424251142033119, 88.5187
110, 0.271086478582109824, 87.9333
111, 0.324062717460967653, 87.6010
112, 0.294220251429495316, 90.6740
113, 0.369757544317419973, 89.1157
114, 0.313241786874014772, 91.9380
115, 0.328859284499789017, 90.2962
116, 0.338406373471186517, 89.1525
117, 0.349867964438318801, 91.1314
118, 0.249582287129286262, 91.4062
119, 0.307667318996041439, 88.0924
120, 0.300724848219255436, 91.3713
121, 0.316769797467402470, 88.3175
122, 0.274240042104422765, 91.9419
123, 0.278763338294994223, 88.1912
124, 0.284748519353861473, 88.0652
125, 0.291376212314188365, 90.1359
126, 0.287125339915388300, 92.0307
127, 0.239951728747280046, 87.6533
128, 0.262497421827455335, 88.0324
129, 0.271120373006040027, 87.7420
130, 0.258992489371665635, 88.0885
131, 0.284286771797897020, 89.3011
132, 0.268139811477043355, 89.2607
133, 0.246306644008446207, 90.2222
134, 0.245749831867418833, 89.3178
135, 0.259159025140385690, 91.1233
136, 0.267627730172297795, 89.2000
137, 0.244285415952194995, 88.9002
138, 0.224614659332674715, 92.5421
139, 0.243867645546836459, 92.1017
140, 0.208632144715979156, 88.8426
141, 0.220185952894247416, 89.7932
142, 0.240449523547797667, 89.1846
143, 0.211939630967843046, 92.1754
144, 0.230271136073926797, 89.3140
145, 0.232323609395198000, 89.5059
146, 0.233706597059377380, 89.3319
147, 0.214152744394167815, 92.0097
148, 0.219499240344291330, 91.1825
149, 0.211655860627224052, 92.0073
150, 0.188542670665830497, 90.6713
151, 0.206310250565623354, 91.5762
152, 0.192274127686682006, 89.8687
153, 0.185551931608093579, 91.4950
154, 0.172897091763485444, 93.6173
155, 0.174777306603066257, 93.2307
156, 0.181843098932724989, 91.8170
157, 0.188776090274989178, 92.5102
158, 0.184175661578440980, 92.7320
159, 0.174471864695491724, 92.4407
160, 0.167182285861665197, 91.7005
161, 0.177242072013926666, 92.0920
162, 0.162830001518788542, 93.2127
163, 0.156501027748653210, 93.0954
164, 0.168402968225239230, 91.4419
165, 0.153804516320912438, 93.1692
166, 0.157693045193924047, 92.2679
167, 0.152256601975930772, 90.1543
168, 0.152895056866528628, 90.3211
169, 0.153104008367569600, 90.9918
170, 0.143848634383563267, 93.5031
171, 0.145815514994060424, 93.4599
172, 0.147707724286125053, 92.9539
173, 0.149489849277202547, 92.8221
174, 0.144625662924812853, 91.6620
175, 0.144625434009331116, 91.1277
176, 0.139719197387821514, 90.1371
177, 0.136969330382746668, 92.2183
178, 0.139937601424843572, 92.2221
179, 0.137589556167511534, 92.7636
180, 0.136236010162955112, 90.7346
181, 0.132635176766623286, 90.5454
182, 0.131769895614384902, 92.5535
183, 0.131570661427298785, 92.1848
184, 0.131263234960965230, 90.2772
185, 0.130380331550388279, 91.8157
186, 0.128091778328920908, 93.0560
187, 0.129311700846334338, 90.0239
188, 0.127667330486641889, 91.2036
189, 0.126466407686381122, 91.9622
190, 0.125536021679259591, 92.6657
191, 0.125617331418077904, 91.1240
192, 0.123400674551720074, 92.6971
193, 0.124552651952103188, 90.9647
194, 0.123630216044449556, 90.4809
195, 0.121752810518040586, 92.9124
196, 0.121583026920564288, 92.1977
197, 0.120926570375091705, 92.1218
198, 0.121378299035431778, 90.3047
199, 0.119031832980760546, 93.2782
200, 0.119023037748144947, 92.1649
