Training log for Yeast dataset
Epoch, Loss, Accuracy
1, 3.255488031423722006, 37.7154
2, 3.655196531680350969, 37.8001
3, 3.087350327484657875, 37.1300
4, 3.258663282161016639, 41.4879
5, 3.022684806204543939, 38.6030
6, 2.875980106609172804, 40.1837
7, 2.677164986101541189, 39.4675
8, 2.985409832811799724, 41.5910
9, 2.557930712634632009, 44.8261
10, 2.448540398689104780, 49.2478
11, 2.612796141191933597, 47.6355
12, 2.605918786950198740, 47.6588
13, 2.458994684544035358, 55.3484
14, 2.357871618209493647, 50.7963
15, 2.093741809232901652, 51.9464
16, 2.178258094190701932, 58.9032
17, 1.923066864708849799, 52.8303
18, 2.123958409264165681, 59.1059
19, 2.147596628827642462, 53.8083
20, 1.996981734003373976, 61.8580
21, 1.829709240310470442, 61.3870
22, 2.022661028791537419, 61.0499
23, 1.893362804885614814, 64.9676
24, 1.553266559616721887, 62.3119
25, 1.605161516882553263, 60.3805
26, 1.790075719599016901, 63.9713
27, 1.674604743149517239, 62.7425
28, 1.582697000735225012, 61.2079
29, 1.594327762615344035, 68.6429
30, 1.495532144389844165, 67.4824
31, 1.620566850397376246, 70.2435
32, 1.542539187990990879, 69.2897
33, 1.545725720675971582, 66.2300
34, 1.380608224973057574, 67.4768
35, 1.268608865514727624, 69.2133
36, 1.471429170501898032, 69.8566
37, 1.462731637200666235, 68.2299
38, 1.290192263550935081, 68.1001
39, 1.387931940836466094, 69.9103
40, 1.263597947513446895, 68.7861
41, 1.246846479985146638, 71.0040
42, 1.271717244205492925, 72.0189
43, 1.430591928951483238, 75.9141
44, 1.332103579884867939, 70.5867
45, 1.119167633762851999, 73.5533
46, 1.241678708776680740, 74.0465
47, 1.200499569484670515, 72.9304
48, 1.189772637137109790, 72.3504
49, 1.135776100996572779, 75.6920
50, 1.102081315747509560, 72.7888
51, 0.898611665702049756, 76.2676
52, 0.978804215212224160, 75.4543
53, 1.066184640995329502, 73.8709
54, 1.041156361745170900, 77.3688
55, 1.015352160560747841, 78.3007
56, 0.984002008370132630, 78.7607
57, 0.803886776823256488, 76.1185
58, 0.897343565025853662, 81.3448
59, 1.008893155095845318, 76.0675
60, 0.685782242429662792, 81.5845
61, 0.894634053302780896, 81.3347
62, 1.018396444343900198, 78.4047
63, 0.817385877177552067, 82.9091
64, 0.825566107561929607, 80.3038
65, 0.852119854374208785, 80.2430
66, 0.757544085018689528, 83.7013
67, 0.811172253592849613, 83.1856
68, 0.584304244873823708, 83.6272
69, 0.683584681201566680, 84.5589
70, 0.836951373432851420, 82.5223
71, 0.811554491470203865, 81.7864
72, 0.756375032035715433, 82.9072
73, 0.718359101354082319, 83.6934
74, 0.592713180913088444, 84.4356
75, 0.621519293059363820, 84.2330
76, 0.669087318072330683, 87.0704
77, 0.619614110581967359, 85.1882
78, 0.629273091897974868, 86.7433
79, 0.656238083375544790, 82.7822
80, 0.575775629209523632, 85.2635
81, 0.538998930320462089, 87.7613
82, 0.532331003030551142, 88.0534
83, 0.561643127986049873, 84.4185
84, 0.549358300768226449, 85.6208
85, 0.492599461952825113, 86.5924
86, 0.416548422620761694, 87.2907
87, 0.515935885107441927, 86.5587
88, 0.476080335276866606, 87.2028
89, 0.449940208984271506, 87.4954
90, 0.459528958919595720, 86.1940
91, 0.441296540213542809, 88.6723
92, 0.355518359441933274, 89.3226
93, 0.481860672173013593, 87.4768
94, 0.462247782727142231, 89.6021
95, 0.446978247864897482, 88.6833
96, 0.486961728228376300, 88.2401
97, 0.370833671660621034, 89.6256
98, 0.421028641008480753, 87.2870
99, 0.436118196099169297, 86.0213
100, 0.388738421357113506, 89.9955
101, 0.393658013071556900, 90.0401
102, 0.364226654372107661, 87.5898
103, 0.395804065239105718, 88.5712
104, 0.346742104240402804, 88.3997
105, 0.350447059634564961, 91.2237
106, 0.424839899270868071, 88.3923
107, 0.394156566560887045, 87.1038
108, 0.341831701281340827, 86.9545
109, 0.307678852325199592, 89.9866
110, 0.312865585151772874, 88.8264
111, 0.371505429876332061, 89.5725
112, 0.318018492022228982, 92.0611
113, 0.334102433632593399, 88.4614
114, 0.291137433133758394, 89.1819
115, 0.283467484552476612, 92.3300
116, 0.301302438416939600, 91.2004
117, 0.312854349815686439, 91.5027
118, 0.341508975442687712, 88.5078
119, 0.261402284997890755, 88.3283
120, 0.251411151166596902, 89.1377
121, 0.245332937580217236, 88.6585
122, 0.291140077030029421, 91.7389
123, 0.281331026390673755, 91.2335
124, 0.223296185031305161, 91.6744
125, 0.251135964421703883, 89.5786
126, 0.244179106766183707, 91.2818
127, 0.255201514631599347, 93.0704
128, 0.223964660671645305, 89.8366
129, 0.202436457623298122, 92.7665
130, 0.211351472500383886, 90.4751
131, 0.262430102670101029, 93.0017
132, 0.238033921527235792, 92.2554
133, 0.227029910671534080, 91.6906
134, 0.220370228151559516, 91.7390
135, 0.208394283736415942, 93.0842
136, 0.213680889282439945, 93.1487
137, 0.219008045878323981, 90.2120
138, 0.217227003449521949, 91.0595
139, 0.213922614058664085, 90.5972
140, 0.190738921346330415, 92.1204
141, 0.198655010314304548, 92.9683
142, 0.212082616160959275, 93.5563
143, 0.188699526903222725, 93.8601
144, 0.203912919845945811, 91.1860
145, 0.200759061850389803, 93.4328
146, 0.199144568409542255, 93.2498
147, 0.211036886930132561, 90.6532
148, 0.191989261009895468, 92.4640
149, 0.191519200448665106, 92.2746
150, 0.190278369618831988, 91.0796
151, 0.193122515219434798, 91.2852
152, 0.184423625035386424, 92.8188
153, 0.191004366403952325, 91.5202
154, 0.187333713345281788, 91.4192
155, 0.190585108641435241, 92.6192
156, 0.184478244938491992, 90.2362
157, 0.189854976120986535, 91.5412
158, 0.186790133898944472, 91.1390
159, 0.178357656062003073, 93.0798
160, 0.186373127371476710, 91.7291
161, 0.179025311984557567, 91.5610
162, 0.192051153018725967, 92.3117
163, 0.178859138649436311, 92.5792
164, 0.195536462573084435, 92.8271
165, 0.178707883809369389, 93.8507
166, 0.192215072498025358, 92.9044
167, 0.180899130157442689, 90.5577
168, 0.180548033232818594, 93.4760
169, 0.177835240448820736, 93.2663
170, 0.179602993570642411, 91.3686
171, 0.168833281790199630, 93.9530
172, 0.176118722196777572, 91.1403
173, 0.171976766350207422, 92.9531
174, 0.173686851133613512, 93.7233
175, 0.173252522139812820, 92.1882
176, 0.168063577729018643, 94.1522
177, 0.171319140893270383, 93.8967
178, 0.171360132994269859, 93.3680
179, 0.171916794249163618, 91.3587
180, 0.167805060794585237, 93.9010
181, 0.169611326203548490, 93.9639
182, 0.168935727137470376, 90.9482
183, 0.165070162564764894, 92.3590
184, 0.166445354824514641, 91.2763
185, 0.163248844282641581, 93.9303
186, 0.163885567397513449, 93.8601
187, 0.162226330551830084, 93.9611
188, 0.161611907587369402, 92.8459
189, 0.160431691014471439, 93.8450
190, 0.161782828540722817, 91.2273
191, 0.159269905882307827, 92.7514
192, 0.160166397015100020, 91.5456
193, 0.157436667981017853, 93.6561
194, 0.158340001772452055, 91.9437
195, 0.155822846823004985, 94.2981
196, 0.155339430596630551, 94.1212
197, 0.154437465697163628, 94.5716
198, 0.155909064687575316, 91.9340
199, 0.153804678021483593, 93.9886
200, 0.153716114844228119, 93.4474
